[ 2016-11-08T15:47:16+08:00 ] ::1 /eciyuanWebsite/Yimei/index.php?s=/addon/Weiba/Reply/lists.html&mdm=358|385
ERR: SQLSTATE[42S22]: Column not found: 1054 Unknown column 'id' in 'field list'

[ 2016-11-08T15:49:08+08:00 ] ::1 /eciyuanWebsite/Yimei/index.php?s=/addon/Weiba/Reply/lists.html&mdm=358|385
ERR: SQLSTATE[42S22]: Column not found: 1054 Unknown column 'id' in 'field list'

[ 2016-11-08T15:49:09+08:00 ] ::1 /eciyuanWebsite/Yimei/index.php?s=/addon/Weiba/Reply/lists.html&mdm=358|385
ERR: SQLSTATE[42S22]: Column not found: 1054 Unknown column 'id' in 'field list'

[ 2016-11-08T15:49:09+08:00 ] ::1 /eciyuanWebsite/Yimei/index.php?s=/addon/Weiba/Reply/lists.html&mdm=358|385
ERR: SQLSTATE[42S22]: Column not found: 1054 Unknown column 'id' in 'field list'

[ 2016-11-08T15:49:10+08:00 ] ::1 /eciyuanWebsite/Yimei/index.php?s=/addon/Weiba/Reply/lists.html&mdm=358|385
ERR: SQLSTATE[42S22]: Column not found: 1054 Unknown column 'id' in 'field list'

[ 2016-11-08T15:49:10+08:00 ] ::1 /eciyuanWebsite/Yimei/index.php?s=/addon/Weiba/Reply/lists.html&mdm=358|385
ERR: SQLSTATE[42S22]: Column not found: 1054 Unknown column 'id' in 'field list'

[ 2016-11-08T15:49:10+08:00 ] ::1 /eciyuanWebsite/Yimei/index.php?s=/addon/Weiba/Reply/lists.html&mdm=358|385
ERR: SQLSTATE[42S22]: Column not found: 1054 Unknown column 'id' in 'field list'

[ 2016-11-08T15:49:10+08:00 ] ::1 /eciyuanWebsite/Yimei/index.php?s=/addon/Weiba/Reply/lists.html&mdm=358|385
ERR: SQLSTATE[42S22]: Column not found: 1054 Unknown column 'id' in 'field list'

[ 2016-11-08T15:49:50+08:00 ] ::1 /eciyuanWebsite/Yimei/index.php?s=/addon/Weiba/Reply/lists.html&mdm=358|385
ERR: SQLSTATE[42S22]: Column not found: 1054 Unknown column 'id' in 'field list'

[ 2016-11-08T15:49:58+08:00 ] ::1 /eciyuanWebsite/Yimei/index.php?s=/addon/Weiba/Wap/MCount.html
INFO: [ app_init ] --START--
INFO: Run Behavior\BuildLiteBehavior [ RunTime:0.000046s ]
INFO: Run Common\Behavior\InitHookBehavior [ RunTime:0.005089s ]
INFO: [ app_init ] --END-- [ RunTime:0.006598s ]
INFO: [ app_begin ] --START--
INFO: Run Behavior\ReadHtmlCacheBehavior [ RunTime:0.001234s ]
INFO: [ app_begin ] --END-- [ RunTime:0.001403s ]
NOTIC: [8] Undefined index: uid D:\wamp\www\eciyuanWebsite\Yimei\ThinkPHP\Library\Think\Controller.class.php 第 524 行.
NOTIC: [8] Undefined variable: addons D:\wamp\www\eciyuanWebsite\Yimei\Application\Common\Common\function.php 第 501 行.
NOTIC: [8] Undefined variable: addons D:\wamp\www\eciyuanWebsite\Yimei\Application\Common\Common\function.php 第 501 行.
NOTIC: [8] Undefined variable: addons D:\wamp\www\eciyuanWebsite\Yimei\Application\Common\Common\function.php 第 501 行.
NOTIC: [8] Undefined variable: addons D:\wamp\www\eciyuanWebsite\Yimei\Application\Common\Common\function.php 第 501 行.
NOTIC: [8] Undefined variable: addons D:\wamp\www\eciyuanWebsite\Yimei\Application\Common\Common\function.php 第 501 行.
NOTIC: [8] Undefined variable: addons D:\wamp\www\eciyuanWebsite\Yimei\Application\Common\Common\function.php 第 501 行.
NOTIC: [8] Undefined variable: addons D:\wamp\www\eciyuanWebsite\Yimei\Application\Common\Common\function.php 第 501 行.
NOTIC: [8] Undefined variable: addons D:\wamp\www\eciyuanWebsite\Yimei\Application\Common\Common\function.php 第 501 行.
NOTIC: [8] Undefined variable: addons D:\wamp\www\eciyuanWebsite\Yimei\Application\Common\Common\function.php 第 501 行.
NOTIC: [8] Undefined variable: addons D:\wamp\www\eciyuanWebsite\Yimei\Application\Common\Common\function.php 第 501 行.
NOTIC: [8] Undefined variable: addons D:\wamp\www\eciyuanWebsite\Yimei\Application\Common\Common\function.php 第 501 行.
NOTIC: [8] Undefined variable: addons D:\wamp\www\eciyuanWebsite\Yimei\Application\Common\Common\function.php 第 501 行.
NOTIC: [8] Undefined variable: addons D:\wamp\www\eciyuanWebsite\Yimei\Application\Common\Common\function.php 第 501 行.
NOTIC: [8] Undefined variable: addons D:\wamp\www\eciyuanWebsite\Yimei\Application\Common\Common\function.php 第 501 行.
NOTIC: [8] Undefined variable: addons D:\wamp\www\eciyuanWebsite\Yimei\Application\Common\Common\function.php 第 501 行.
NOTIC: [8] Undefined variable: addons D:\wamp\www\eciyuanWebsite\Yimei\Application\Common\Common\function.php 第 501 行.
NOTIC: [8] Undefined variable: addons D:\wamp\www\eciyuanWebsite\Yimei\Application\Common\Common\function.php 第 501 行.
NOTIC: [8] Undefined variable: addons D:\wamp\www\eciyuanWebsite\Yimei\Application\Common\Common\function.php 第 501 行.
NOTIC: [8] Undefined variable: addons D:\wamp\www\eciyuanWebsite\Yimei\Application\Common\Common\function.php 第 501 行.
NOTIC: [8] Undefined variable: addons D:\wamp\www\eciyuanWebsite\Yimei\Application\Common\Common\function.php 第 501 行.
NOTIC: [8] Undefined variable: addons D:\wamp\www\eciyuanWebsite\Yimei\Application\Common\Common\function.php 第 501 行.
NOTIC: [8] Undefined variable: addons D:\wamp\www\eciyuanWebsite\Yimei\Application\Common\Common\function.php 第 501 行.
NOTIC: [8] Undefined variable: addons D:\wamp\www\eciyuanWebsite\Yimei\Application\Common\Common\function.php 第 501 行.
NOTIC: [8] Undefined variable: addons D:\wamp\www\eciyuanWebsite\Yimei\Application\Common\Common\function.php 第 501 行.
NOTIC: [8] Undefined variable: addons D:\wamp\www\eciyuanWebsite\Yimei\Application\Common\Common\function.php 第 501 行.
NOTIC: [8] Undefined variable: addons D:\wamp\www\eciyuanWebsite\Yimei\Application\Common\Common\function.php 第 501 行.
NOTIC: [8] Undefined variable: addons D:\wamp\www\eciyuanWebsite\Yimei\Application\Common\Common\function.php 第 501 行.
NOTIC: [8] Undefined variable: addons D:\wamp\www\eciyuanWebsite\Yimei\Application\Common\Common\function.php 第 501 行.
NOTIC: [8] Undefined variable: addons D:\wamp\www\eciyuanWebsite\Yimei\Application\Common\Common\function.php 第 501 行.
NOTIC: [8] Undefined variable: addons D:\wamp\www\eciyuanWebsite\Yimei\Application\Common\Common\function.php 第 501 行.
NOTIC: [8] Undefined variable: addons D:\wamp\www\eciyuanWebsite\Yimei\Application\Common\Common\function.php 第 501 行.
NOTIC: [8] Undefined variable: addons D:\wamp\www\eciyuanWebsite\Yimei\Application\Common\Common\function.php 第 501 行.
NOTIC: [8] Undefined variable: addons D:\wamp\www\eciyuanWebsite\Yimei\Application\Common\Common\function.php 第 501 行.
NOTIC: [8] Undefined variable: addons D:\wamp\www\eciyuanWebsite\Yimei\Application\Common\Common\function.php 第 501 行.
NOTIC: [8] Undefined variable: addons D:\wamp\www\eciyuanWebsite\Yimei\Application\Common\Common\function.php 第 501 行.
NOTIC: [8] Undefined variable: addons D:\wamp\www\eciyuanWebsite\Yimei\Application\Common\Common\function.php 第 501 行.
NOTIC: [8] Undefined variable: addons D:\wamp\www\eciyuanWebsite\Yimei\Application\Common\Common\function.php 第 501 行.
NOTIC: [8] Undefined variable: addons D:\wamp\www\eciyuanWebsite\Yimei\Application\Common\Common\function.php 第 501 行.
NOTIC: [8] Undefined variable: addons D:\wamp\www\eciyuanWebsite\Yimei\Application\Common\Common\function.php 第 501 行.
NOTIC: [8] Undefined variable: addons D:\wamp\www\eciyuanWebsite\Yimei\Application\Common\Common\function.php 第 501 行.
NOTIC: [8] Undefined variable: addons D:\wamp\www\eciyuanWebsite\Yimei\Application\Common\Common\function.php 第 501 行.
NOTIC: [8] Undefined variable: addons D:\wamp\www\eciyuanWebsite\Yimei\Application\Common\Common\function.php 第 501 行.
NOTIC: [8] Undefined variable: addons D:\wamp\www\eciyuanWebsite\Yimei\Application\Common\Common\function.php 第 501 行.
SQL: SELECT * FROM `yimei_manager_menu` WHERE `uid` = 1 AND `is_hide` = 0 ORDER BY sort asc, id asc  [ RunTime:0.0013s ]
NOTIC: [8] Undefined variable: addons D:\wamp\www\eciyuanWebsite\Yimei\Application\Common\Common\function.php 第 501 行.
NOTIC: [8] Undefined variable: addons D:\wamp\www\eciyuanWebsite\Yimei\Application\Common\Common\function.php 第 501 行.
NOTIC: [8] Undefined variable: addons D:\wamp\www\eciyuanWebsite\Yimei\Application\Common\Common\function.php 第 501 行.
NOTIC: [8] Undefined variable: addons D:\wamp\www\eciyuanWebsite\Yimei\Application\Common\Common\function.php 第 501 行.
NOTIC: [8] Undefined variable: addons D:\wamp\www\eciyuanWebsite\Yimei\Application\Common\Common\function.php 第 501 行.
NOTIC: [8] Undefined variable: addons D:\wamp\www\eciyuanWebsite\Yimei\Application\Common\Common\function.php 第 501 行.
NOTIC: [8] Undefined variable: addons D:\wamp\www\eciyuanWebsite\Yimei\Application\Common\Common\function.php 第 501 行.
NOTIC: [8] Undefined variable: addons D:\wamp\www\eciyuanWebsite\Yimei\Application\Common\Common\function.php 第 501 行.
NOTIC: [8] Undefined variable: addons D:\wamp\www\eciyuanWebsite\Yimei\Application\Common\Common\function.php 第 501 行.
NOTIC: [8] Undefined variable: addons D:\wamp\www\eciyuanWebsite\Yimei\Application\Common\Common\function.php 第 501 行.
NOTIC: [8] Undefined variable: addons D:\wamp\www\eciyuanWebsite\Yimei\Application\Common\Common\function.php 第 501 行.
NOTIC: [8] Undefined variable: addons D:\wamp\www\eciyuanWebsite\Yimei\Application\Common\Common\function.php 第 501 行.
NOTIC: [8] Undefined variable: addons D:\wamp\www\eciyuanWebsite\Yimei\Application\Common\Common\function.php 第 501 行.
NOTIC: [8] Undefined variable: addons D:\wamp\www\eciyuanWebsite\Yimei\Application\Common\Common\function.php 第 501 行.
NOTIC: [8] Undefined variable: addons D:\wamp\www\eciyuanWebsite\Yimei\Application\Common\Common\function.php 第 501 行.
NOTIC: [8] Undefined variable: addons D:\wamp\www\eciyuanWebsite\Yimei\Application\Common\Common\function.php 第 501 行.
NOTIC: [8] Undefined variable: addons D:\wamp\www\eciyuanWebsite\Yimei\Application\Common\Common\function.php 第 501 行.
NOTIC: [8] Undefined variable: addons D:\wamp\www\eciyuanWebsite\Yimei\Application\Common\Common\function.php 第 501 行.
NOTIC: [8] Undefined variable: addons D:\wamp\www\eciyuanWebsite\Yimei\Application\Common\Common\function.php 第 501 行.
NOTIC: [8] Undefined variable: addons D:\wamp\www\eciyuanWebsite\Yimei\Application\Common\Common\function.php 第 501 行.
NOTIC: [8] Undefined variable: addons D:\wamp\www\eciyuanWebsite\Yimei\Application\Common\Common\function.php 第 501 行.
NOTIC: [8] Undefined variable: addons D:\wamp\www\eciyuanWebsite\Yimei\Application\Common\Common\function.php 第 501 行.
NOTIC: [8] Undefined variable: addons D:\wamp\www\eciyuanWebsite\Yimei\Application\Common\Common\function.php 第 501 行.
NOTIC: [8] Undefined variable: addons D:\wamp\www\eciyuanWebsite\Yimei\Application\Common\Common\function.php 第 501 行.
NOTIC: [8] Undefined variable: addons D:\wamp\www\eciyuanWebsite\Yimei\Application\Common\Common\function.php 第 501 行.
NOTIC: [8] Undefined variable: addons D:\wamp\www\eciyuanWebsite\Yimei\Application\Common\Common\function.php 第 501 行.
NOTIC: [8] Undefined variable: addons D:\wamp\www\eciyuanWebsite\Yimei\Application\Common\Common\function.php 第 501 行.
NOTIC: [8] Undefined variable: addons D:\wamp\www\eciyuanWebsite\Yimei\Application\Common\Common\function.php 第 501 行.
NOTIC: [8] Undefined variable: addons D:\wamp\www\eciyuanWebsite\Yimei\Application\Common\Common\function.php 第 501 行.
NOTIC: [8] Undefined variable: addons D:\wamp\www\eciyuanWebsite\Yimei\Application\Common\Common\function.php 第 501 行.
NOTIC: [8] Undefined variable: addons D:\wamp\www\eciyuanWebsite\Yimei\Application\Common\Common\function.php 第 501 行.
NOTIC: [8] Undefined variable: addons D:\wamp\www\eciyuanWebsite\Yimei\Application\Common\Common\function.php 第 501 行.
NOTIC: [8] Undefined variable: addons D:\wamp\www\eciyuanWebsite\Yimei\Application\Common\Common\function.php 第 501 行.
NOTIC: [8] Undefined variable: addons D:\wamp\www\eciyuanWebsite\Yimei\Application\Common\Common\function.php 第 501 行.
NOTIC: [8] Undefined variable: addons D:\wamp\www\eciyuanWebsite\Yimei\Application\Common\Common\function.php 第 501 行.
NOTIC: [8] Undefined variable: addons D:\wamp\www\eciyuanWebsite\Yimei\Application\Common\Common\function.php 第 501 行.
NOTIC: [8] Undefined variable: addons D:\wamp\www\eciyuanWebsite\Yimei\Application\Common\Common\function.php 第 501 行.
NOTIC: [8] Undefined variable: addons D:\wamp\www\eciyuanWebsite\Yimei\Application\Common\Common\function.php 第 501 行.
NOTIC: [8] Undefined offset: 14 D:\wamp\www\eciyuanWebsite\Yimei\Application\Common\Model\ManagerMenuModel.class.php 第 106 行.
NOTIC: [8] Undefined offset: 14 D:\wamp\www\eciyuanWebsite\Yimei\Application\Common\Model\ManagerMenuModel.class.php 第 116 行.
NOTIC: [8] Undefined offset: 60 D:\wamp\www\eciyuanWebsite\Yimei\Application\Common\Model\ManagerMenuModel.class.php 第 106 行.
NOTIC: [8] Undefined offset: 60 D:\wamp\www\eciyuanWebsite\Yimei\Application\Common\Model\ManagerMenuModel.class.php 第 116 行.
NOTIC: [8] Undefined offset: 384 D:\wamp\www\eciyuanWebsite\Yimei\Application\Common\Model\ManagerMenuModel.class.php 第 116 行.
SQL: SELECT * FROM `yimei_public_link` WHERE `uid` = 1  [ RunTime:0.0005s ]
NOTIC: [8] Undefined index: query D:\wamp\www\eciyuanWebsite\Yimei\ThinkPHP\Common\functions.php 第 1002 行.
NOTIC: [8] Undefined index: query D:\wamp\www\eciyuanWebsite\Yimei\ThinkPHP\Common\functions.php 第 1002 行.
INFO: [ app_end ] --START--
INFO: Run Behavior\ShowPageTraceBehavior [ RunTime:0.001303s ]
INFO: Run Behavior\CronRunBehavior [ RunTime:0.003116s ]
INFO: [ app_end ] --END-- [ RunTime:0.004638s ]

[ 2016-11-08T15:50:28+08:00 ] ::1 /eciyuanWebsite/Yimei/index.php?s=/addon/Weiba/Wap/MCount.html
INFO: [ app_init ] --START--
INFO: Run Behavior\BuildLiteBehavior [ RunTime:0.000030s ]
INFO: Run Common\Behavior\InitHookBehavior [ RunTime:0.005494s ]
INFO: [ app_init ] --END-- [ RunTime:0.006427s ]
INFO: [ app_begin ] --START--
INFO: Run Behavior\ReadHtmlCacheBehavior [ RunTime:0.001122s ]
INFO: [ app_begin ] --END-- [ RunTime:0.001239s ]
NOTIC: [8] Undefined index: uid D:\wamp\www\eciyuanWebsite\Yimei\ThinkPHP\Library\Think\Controller.class.php 第 524 行.
NOTIC: [8] Undefined variable: addons D:\wamp\www\eciyuanWebsite\Yimei\Application\Common\Common\function.php 第 501 行.
NOTIC: [8] Undefined variable: addons D:\wamp\www\eciyuanWebsite\Yimei\Application\Common\Common\function.php 第 501 行.
NOTIC: [8] Undefined variable: addons D:\wamp\www\eciyuanWebsite\Yimei\Application\Common\Common\function.php 第 501 行.
NOTIC: [8] Undefined variable: addons D:\wamp\www\eciyuanWebsite\Yimei\Application\Common\Common\function.php 第 501 行.
NOTIC: [8] Undefined variable: addons D:\wamp\www\eciyuanWebsite\Yimei\Application\Common\Common\function.php 第 501 行.
NOTIC: [8] Undefined variable: addons D:\wamp\www\eciyuanWebsite\Yimei\Application\Common\Common\function.php 第 501 行.
NOTIC: [8] Undefined variable: addons D:\wamp\www\eciyuanWebsite\Yimei\Application\Common\Common\function.php 第 501 行.
NOTIC: [8] Undefined variable: addons D:\wamp\www\eciyuanWebsite\Yimei\Application\Common\Common\function.php 第 501 行.
NOTIC: [8] Undefined variable: addons D:\wamp\www\eciyuanWebsite\Yimei\Application\Common\Common\function.php 第 501 行.
NOTIC: [8] Undefined variable: addons D:\wamp\www\eciyuanWebsite\Yimei\Application\Common\Common\function.php 第 501 行.
NOTIC: [8] Undefined variable: addons D:\wamp\www\eciyuanWebsite\Yimei\Application\Common\Common\function.php 第 501 行.
NOTIC: [8] Undefined variable: addons D:\wamp\www\eciyuanWebsite\Yimei\Application\Common\Common\function.php 第 501 行.
NOTIC: [8] Undefined variable: addons D:\wamp\www\eciyuanWebsite\Yimei\Application\Common\Common\function.php 第 501 行.
NOTIC: [8] Undefined variable: addons D:\wamp\www\eciyuanWebsite\Yimei\Application\Common\Common\function.php 第 501 行.
NOTIC: [8] Undefined variable: addons D:\wamp\www\eciyuanWebsite\Yimei\Application\Common\Common\function.php 第 501 行.
NOTIC: [8] Undefined variable: addons D:\wamp\www\eciyuanWebsite\Yimei\Application\Common\Common\function.php 第 501 行.
NOTIC: [8] Undefined variable: addons D:\wamp\www\eciyuanWebsite\Yimei\Application\Common\Common\function.php 第 501 行.
NOTIC: [8] Undefined variable: addons D:\wamp\www\eciyuanWebsite\Yimei\Application\Common\Common\function.php 第 501 行.
NOTIC: [8] Undefined variable: addons D:\wamp\www\eciyuanWebsite\Yimei\Application\Common\Common\function.php 第 501 行.
NOTIC: [8] Undefined variable: addons D:\wamp\www\eciyuanWebsite\Yimei\Application\Common\Common\function.php 第 501 行.
NOTIC: [8] Undefined variable: addons D:\wamp\www\eciyuanWebsite\Yimei\Application\Common\Common\function.php 第 501 行.
NOTIC: [8] Undefined variable: addons D:\wamp\www\eciyuanWebsite\Yimei\Application\Common\Common\function.php 第 501 行.
NOTIC: [8] Undefined variable: addons D:\wamp\www\eciyuanWebsite\Yimei\Application\Common\Common\function.php 第 501 行.
NOTIC: [8] Undefined variable: addons D:\wamp\www\eciyuanWebsite\Yimei\Application\Common\Common\function.php 第 501 行.
NOTIC: [8] Undefined variable: addons D:\wamp\www\eciyuanWebsite\Yimei\Application\Common\Common\function.php 第 501 行.
NOTIC: [8] Undefined variable: addons D:\wamp\www\eciyuanWebsite\Yimei\Application\Common\Common\function.php 第 501 行.
NOTIC: [8] Undefined variable: addons D:\wamp\www\eciyuanWebsite\Yimei\Application\Common\Common\function.php 第 501 行.
NOTIC: [8] Undefined variable: addons D:\wamp\www\eciyuanWebsite\Yimei\Application\Common\Common\function.php 第 501 行.
NOTIC: [8] Undefined variable: addons D:\wamp\www\eciyuanWebsite\Yimei\Application\Common\Common\function.php 第 501 行.
NOTIC: [8] Undefined variable: addons D:\wamp\www\eciyuanWebsite\Yimei\Application\Common\Common\function.php 第 501 行.
NOTIC: [8] Undefined variable: addons D:\wamp\www\eciyuanWebsite\Yimei\Application\Common\Common\function.php 第 501 行.
NOTIC: [8] Undefined variable: addons D:\wamp\www\eciyuanWebsite\Yimei\Application\Common\Common\function.php 第 501 行.
NOTIC: [8] Undefined variable: addons D:\wamp\www\eciyuanWebsite\Yimei\Application\Common\Common\function.php 第 501 行.
NOTIC: [8] Undefined variable: addons D:\wamp\www\eciyuanWebsite\Yimei\Application\Common\Common\function.php 第 501 行.
NOTIC: [8] Undefined variable: addons D:\wamp\www\eciyuanWebsite\Yimei\Application\Common\Common\function.php 第 501 行.
NOTIC: [8] Undefined variable: addons D:\wamp\www\eciyuanWebsite\Yimei\Application\Common\Common\function.php 第 501 行.
NOTIC: [8] Undefined variable: addons D:\wamp\www\eciyuanWebsite\Yimei\Application\Common\Common\function.php 第 501 行.
NOTIC: [8] Undefined variable: addons D:\wamp\www\eciyuanWebsite\Yimei\Application\Common\Common\function.php 第 501 行.
NOTIC: [8] Undefined variable: addons D:\wamp\www\eciyuanWebsite\Yimei\Application\Common\Common\function.php 第 501 行.
NOTIC: [8] Undefined variable: addons D:\wamp\www\eciyuanWebsite\Yimei\Application\Common\Common\function.php 第 501 行.
NOTIC: [8] Undefined variable: addons D:\wamp\www\eciyuanWebsite\Yimei\Application\Common\Common\function.php 第 501 行.
NOTIC: [8] Undefined variable: addons D:\wamp\www\eciyuanWebsite\Yimei\Application\Common\Common\function.php 第 501 行.
NOTIC: [8] Undefined variable: addons D:\wamp\www\eciyuanWebsite\Yimei\Application\Common\Common\function.php 第 501 行.
SQL: SELECT * FROM `yimei_manager_menu` WHERE `uid` = 1 AND `is_hide` = 0 ORDER BY sort asc, id asc  [ RunTime:0.0013s ]
NOTIC: [8] Undefined variable: addons D:\wamp\www\eciyuanWebsite\Yimei\Application\Common\Common\function.php 第 501 行.
NOTIC: [8] Undefined variable: addons D:\wamp\www\eciyuanWebsite\Yimei\Application\Common\Common\function.php 第 501 行.
NOTIC: [8] Undefined variable: addons D:\wamp\www\eciyuanWebsite\Yimei\Application\Common\Common\function.php 第 501 行.
NOTIC: [8] Undefined variable: addons D:\wamp\www\eciyuanWebsite\Yimei\Application\Common\Common\function.php 第 501 行.
NOTIC: [8] Undefined variable: addons D:\wamp\www\eciyuanWebsite\Yimei\Application\Common\Common\function.php 第 501 行.
NOTIC: [8] Undefined variable: addons D:\wamp\www\eciyuanWebsite\Yimei\Application\Common\Common\function.php 第 501 行.
NOTIC: [8] Undefined variable: addons D:\wamp\www\eciyuanWebsite\Yimei\Application\Common\Common\function.php 第 501 行.
NOTIC: [8] Undefined variable: addons D:\wamp\www\eciyuanWebsite\Yimei\Application\Common\Common\function.php 第 501 行.
NOTIC: [8] Undefined variable: addons D:\wamp\www\eciyuanWebsite\Yimei\Application\Common\Common\function.php 第 501 行.
NOTIC: [8] Undefined variable: addons D:\wamp\www\eciyuanWebsite\Yimei\Application\Common\Common\function.php 第 501 行.
NOTIC: [8] Undefined variable: addons D:\wamp\www\eciyuanWebsite\Yimei\Application\Common\Common\function.php 第 501 行.
NOTIC: [8] Undefined variable: addons D:\wamp\www\eciyuanWebsite\Yimei\Application\Common\Common\function.php 第 501 行.
NOTIC: [8] Undefined variable: addons D:\wamp\www\eciyuanWebsite\Yimei\Application\Common\Common\function.php 第 501 行.
NOTIC: [8] Undefined variable: addons D:\wamp\www\eciyuanWebsite\Yimei\Application\Common\Common\function.php 第 501 行.
NOTIC: [8] Undefined variable: addons D:\wamp\www\eciyuanWebsite\Yimei\Application\Common\Common\function.php 第 501 行.
NOTIC: [8] Undefined variable: addons D:\wamp\www\eciyuanWebsite\Yimei\Application\Common\Common\function.php 第 501 行.
NOTIC: [8] Undefined variable: addons D:\wamp\www\eciyuanWebsite\Yimei\Application\Common\Common\function.php 第 501 行.
NOTIC: [8] Undefined variable: addons D:\wamp\www\eciyuanWebsite\Yimei\Application\Common\Common\function.php 第 501 行.
NOTIC: [8] Undefined variable: addons D:\wamp\www\eciyuanWebsite\Yimei\Application\Common\Common\function.php 第 501 行.
NOTIC: [8] Undefined variable: addons D:\wamp\www\eciyuanWebsite\Yimei\Application\Common\Common\function.php 第 501 行.
NOTIC: [8] Undefined variable: addons D:\wamp\www\eciyuanWebsite\Yimei\Application\Common\Common\function.php 第 501 行.
NOTIC: [8] Undefined variable: addons D:\wamp\www\eciyuanWebsite\Yimei\Application\Common\Common\function.php 第 501 行.
NOTIC: [8] Undefined variable: addons D:\wamp\www\eciyuanWebsite\Yimei\Application\Common\Common\function.php 第 501 行.
NOTIC: [8] Undefined variable: addons D:\wamp\www\eciyuanWebsite\Yimei\Application\Common\Common\function.php 第 501 行.
NOTIC: [8] Undefined variable: addons D:\wamp\www\eciyuanWebsite\Yimei\Application\Common\Common\function.php 第 501 行.
NOTIC: [8] Undefined variable: addons D:\wamp\www\eciyuanWebsite\Yimei\Application\Common\Common\function.php 第 501 行.
NOTIC: [8] Undefined variable: addons D:\wamp\www\eciyuanWebsite\Yimei\Application\Common\Common\function.php 第 501 行.
NOTIC: [8] Undefined variable: addons D:\wamp\www\eciyuanWebsite\Yimei\Application\Common\Common\function.php 第 501 行.
NOTIC: [8] Undefined variable: addons D:\wamp\www\eciyuanWebsite\Yimei\Application\Common\Common\function.php 第 501 行.
NOTIC: [8] Undefined variable: addons D:\wamp\www\eciyuanWebsite\Yimei\Application\Common\Common\function.php 第 501 行.
NOTIC: [8] Undefined variable: addons D:\wamp\www\eciyuanWebsite\Yimei\Application\Common\Common\function.php 第 501 行.
NOTIC: [8] Undefined variable: addons D:\wamp\www\eciyuanWebsite\Yimei\Application\Common\Common\function.php 第 501 行.
NOTIC: [8] Undefined variable: addons D:\wamp\www\eciyuanWebsite\Yimei\Application\Common\Common\function.php 第 501 行.
NOTIC: [8] Undefined variable: addons D:\wamp\www\eciyuanWebsite\Yimei\Application\Common\Common\function.php 第 501 行.
NOTIC: [8] Undefined variable: addons D:\wamp\www\eciyuanWebsite\Yimei\Application\Common\Common\function.php 第 501 行.
NOTIC: [8] Undefined variable: addons D:\wamp\www\eciyuanWebsite\Yimei\Application\Common\Common\function.php 第 501 行.
NOTIC: [8] Undefined variable: addons D:\wamp\www\eciyuanWebsite\Yimei\Application\Common\Common\function.php 第 501 行.
NOTIC: [8] Undefined variable: addons D:\wamp\www\eciyuanWebsite\Yimei\Application\Common\Common\function.php 第 501 行.
NOTIC: [8] Undefined offset: 14 D:\wamp\www\eciyuanWebsite\Yimei\Application\Common\Model\ManagerMenuModel.class.php 第 106 行.
NOTIC: [8] Undefined offset: 14 D:\wamp\www\eciyuanWebsite\Yimei\Application\Common\Model\ManagerMenuModel.class.php 第 116 行.
NOTIC: [8] Undefined offset: 60 D:\wamp\www\eciyuanWebsite\Yimei\Application\Common\Model\ManagerMenuModel.class.php 第 106 行.
NOTIC: [8] Undefined offset: 60 D:\wamp\www\eciyuanWebsite\Yimei\Application\Common\Model\ManagerMenuModel.class.php 第 116 行.
NOTIC: [8] Undefined offset: 384 D:\wamp\www\eciyuanWebsite\Yimei\Application\Common\Model\ManagerMenuModel.class.php 第 116 行.
SQL: SELECT * FROM `yimei_public_link` WHERE `uid` = 1  [ RunTime:0.0004s ]
NOTIC: [8] Undefined index: query D:\wamp\www\eciyuanWebsite\Yimei\ThinkPHP\Common\functions.php 第 1002 行.
NOTIC: [8] Undefined index: query D:\wamp\www\eciyuanWebsite\Yimei\ThinkPHP\Common\functions.php 第 1002 行.
INFO: [ app_end ] --START--
INFO: Run Behavior\ShowPageTraceBehavior [ RunTime:0.001956s ]
INFO: Run Behavior\CronRunBehavior [ RunTime:0.003671s ]
INFO: [ app_end ] --END-- [ RunTime:0.005901s ]

[ 2016-11-08T15:50:57+08:00 ] ::1 /eciyuanWebsite/Yimei/index.php?s=/addon/Weiba/Wap/MCount.html
INFO: [ app_init ] --START--
INFO: Run Behavior\BuildLiteBehavior [ RunTime:0.000031s ]
INFO: Run Common\Behavior\InitHookBehavior [ RunTime:0.005271s ]
INFO: [ app_init ] --END-- [ RunTime:0.006249s ]
INFO: [ app_begin ] --START--
INFO: Run Behavior\ReadHtmlCacheBehavior [ RunTime:0.001283s ]
INFO: [ app_begin ] --END-- [ RunTime:0.001446s ]
NOTIC: [8] Undefined index: uid D:\wamp\www\eciyuanWebsite\Yimei\ThinkPHP\Library\Think\Controller.class.php 第 524 行.
NOTIC: [8] Undefined variable: addons D:\wamp\www\eciyuanWebsite\Yimei\Application\Common\Common\function.php 第 501 行.
NOTIC: [8] Undefined variable: addons D:\wamp\www\eciyuanWebsite\Yimei\Application\Common\Common\function.php 第 501 行.
NOTIC: [8] Undefined variable: addons D:\wamp\www\eciyuanWebsite\Yimei\Application\Common\Common\function.php 第 501 行.
NOTIC: [8] Undefined variable: addons D:\wamp\www\eciyuanWebsite\Yimei\Application\Common\Common\function.php 第 501 行.
NOTIC: [8] Undefined variable: addons D:\wamp\www\eciyuanWebsite\Yimei\Application\Common\Common\function.php 第 501 行.
NOTIC: [8] Undefined variable: addons D:\wamp\www\eciyuanWebsite\Yimei\Application\Common\Common\function.php 第 501 行.
NOTIC: [8] Undefined variable: addons D:\wamp\www\eciyuanWebsite\Yimei\Application\Common\Common\function.php 第 501 行.
NOTIC: [8] Undefined variable: addons D:\wamp\www\eciyuanWebsite\Yimei\Application\Common\Common\function.php 第 501 行.
NOTIC: [8] Undefined variable: addons D:\wamp\www\eciyuanWebsite\Yimei\Application\Common\Common\function.php 第 501 行.
NOTIC: [8] Undefined variable: addons D:\wamp\www\eciyuanWebsite\Yimei\Application\Common\Common\function.php 第 501 行.
NOTIC: [8] Undefined variable: addons D:\wamp\www\eciyuanWebsite\Yimei\Application\Common\Common\function.php 第 501 行.
NOTIC: [8] Undefined variable: addons D:\wamp\www\eciyuanWebsite\Yimei\Application\Common\Common\function.php 第 501 行.
NOTIC: [8] Undefined variable: addons D:\wamp\www\eciyuanWebsite\Yimei\Application\Common\Common\function.php 第 501 行.
NOTIC: [8] Undefined variable: addons D:\wamp\www\eciyuanWebsite\Yimei\Application\Common\Common\function.php 第 501 行.
NOTIC: [8] Undefined variable: addons D:\wamp\www\eciyuanWebsite\Yimei\Application\Common\Common\function.php 第 501 行.
NOTIC: [8] Undefined variable: addons D:\wamp\www\eciyuanWebsite\Yimei\Application\Common\Common\function.php 第 501 行.
NOTIC: [8] Undefined variable: addons D:\wamp\www\eciyuanWebsite\Yimei\Application\Common\Common\function.php 第 501 行.
NOTIC: [8] Undefined variable: addons D:\wamp\www\eciyuanWebsite\Yimei\Application\Common\Common\function.php 第 501 行.
NOTIC: [8] Undefined variable: addons D:\wamp\www\eciyuanWebsite\Yimei\Application\Common\Common\function.php 第 501 行.
NOTIC: [8] Undefined variable: addons D:\wamp\www\eciyuanWebsite\Yimei\Application\Common\Common\function.php 第 501 行.
NOTIC: [8] Undefined variable: addons D:\wamp\www\eciyuanWebsite\Yimei\Application\Common\Common\function.php 第 501 行.
NOTIC: [8] Undefined variable: addons D:\wamp\www\eciyuanWebsite\Yimei\Application\Common\Common\function.php 第 501 行.
NOTIC: [8] Undefined variable: addons D:\wamp\www\eciyuanWebsite\Yimei\Application\Common\Common\function.php 第 501 行.
NOTIC: [8] Undefined variable: addons D:\wamp\www\eciyuanWebsite\Yimei\Application\Common\Common\function.php 第 501 行.
NOTIC: [8] Undefined variable: addons D:\wamp\www\eciyuanWebsite\Yimei\Application\Common\Common\function.php 第 501 行.
NOTIC: [8] Undefined variable: addons D:\wamp\www\eciyuanWebsite\Yimei\Application\Common\Common\function.php 第 501 行.
NOTIC: [8] Undefined variable: addons D:\wamp\www\eciyuanWebsite\Yimei\Application\Common\Common\function.php 第 501 行.
NOTIC: [8] Undefined variable: addons D:\wamp\www\eciyuanWebsite\Yimei\Application\Common\Common\function.php 第 501 行.
NOTIC: [8] Undefined variable: addons D:\wamp\www\eciyuanWebsite\Yimei\Application\Common\Common\function.php 第 501 行.
NOTIC: [8] Undefined variable: addons D:\wamp\www\eciyuanWebsite\Yimei\Application\Common\Common\function.php 第 501 行.
NOTIC: [8] Undefined variable: addons D:\wamp\www\eciyuanWebsite\Yimei\Application\Common\Common\function.php 第 501 行.
NOTIC: [8] Undefined variable: addons D:\wamp\www\eciyuanWebsite\Yimei\Application\Common\Common\function.php 第 501 行.
NOTIC: [8] Undefined variable: addons D:\wamp\www\eciyuanWebsite\Yimei\Application\Common\Common\function.php 第 501 行.
NOTIC: [8] Undefined variable: addons D:\wamp\www\eciyuanWebsite\Yimei\Application\Common\Common\function.php 第 501 行.
NOTIC: [8] Undefined variable: addons D:\wamp\www\eciyuanWebsite\Yimei\Application\Common\Common\function.php 第 501 行.
NOTIC: [8] Undefined variable: addons D:\wamp\www\eciyuanWebsite\Yimei\Application\Common\Common\function.php 第 501 行.
NOTIC: [8] Undefined variable: addons D:\wamp\www\eciyuanWebsite\Yimei\Application\Common\Common\function.php 第 501 行.
NOTIC: [8] Undefined variable: addons D:\wamp\www\eciyuanWebsite\Yimei\Application\Common\Common\function.php 第 501 行.
NOTIC: [8] Undefined variable: addons D:\wamp\www\eciyuanWebsite\Yimei\Application\Common\Common\function.php 第 501 行.
NOTIC: [8] Undefined variable: addons D:\wamp\www\eciyuanWebsite\Yimei\Application\Common\Common\function.php 第 501 行.
NOTIC: [8] Undefined variable: addons D:\wamp\www\eciyuanWebsite\Yimei\Application\Common\Common\function.php 第 501 行.
NOTIC: [8] Undefined variable: addons D:\wamp\www\eciyuanWebsite\Yimei\Application\Common\Common\function.php 第 501 行.
NOTIC: [8] Undefined variable: addons D:\wamp\www\eciyuanWebsite\Yimei\Application\Common\Common\function.php 第 501 行.
SQL: SELECT * FROM `yimei_manager_menu` WHERE `uid` = 1 AND `is_hide` = 0 ORDER BY sort asc, id asc  [ RunTime:0.0013s ]
NOTIC: [8] Undefined variable: addons D:\wamp\www\eciyuanWebsite\Yimei\Application\Common\Common\function.php 第 501 行.
NOTIC: [8] Undefined variable: addons D:\wamp\www\eciyuanWebsite\Yimei\Application\Common\Common\function.php 第 501 行.
NOTIC: [8] Undefined variable: addons D:\wamp\www\eciyuanWebsite\Yimei\Application\Common\Common\function.php 第 501 行.
NOTIC: [8] Undefined variable: addons D:\wamp\www\eciyuanWebsite\Yimei\Application\Common\Common\function.php 第 501 行.
NOTIC: [8] Undefined variable: addons D:\wamp\www\eciyuanWebsite\Yimei\Application\Common\Common\function.php 第 501 行.
NOTIC: [8] Undefined variable: addons D:\wamp\www\eciyuanWebsite\Yimei\Application\Common\Common\function.php 第 501 行.
NOTIC: [8] Undefined variable: addons D:\wamp\www\eciyuanWebsite\Yimei\Application\Common\Common\function.php 第 501 行.
NOTIC: [8] Undefined variable: addons D:\wamp\www\eciyuanWebsite\Yimei\Application\Common\Common\function.php 第 501 行.
NOTIC: [8] Undefined variable: addons D:\wamp\www\eciyuanWebsite\Yimei\Application\Common\Common\function.php 第 501 行.
NOTIC: [8] Undefined variable: addons D:\wamp\www\eciyuanWebsite\Yimei\Application\Common\Common\function.php 第 501 行.
NOTIC: [8] Undefined variable: addons D:\wamp\www\eciyuanWebsite\Yimei\Application\Common\Common\function.php 第 501 行.
NOTIC: [8] Undefined variable: addons D:\wamp\www\eciyuanWebsite\Yimei\Application\Common\Common\function.php 第 501 行.
NOTIC: [8] Undefined variable: addons D:\wamp\www\eciyuanWebsite\Yimei\Application\Common\Common\function.php 第 501 行.
NOTIC: [8] Undefined variable: addons D:\wamp\www\eciyuanWebsite\Yimei\Application\Common\Common\function.php 第 501 行.
NOTIC: [8] Undefined variable: addons D:\wamp\www\eciyuanWebsite\Yimei\Application\Common\Common\function.php 第 501 行.
NOTIC: [8] Undefined variable: addons D:\wamp\www\eciyuanWebsite\Yimei\Application\Common\Common\function.php 第 501 行.
NOTIC: [8] Undefined variable: addons D:\wamp\www\eciyuanWebsite\Yimei\Application\Common\Common\function.php 第 501 行.
NOTIC: [8] Undefined variable: addons D:\wamp\www\eciyuanWebsite\Yimei\Application\Common\Common\function.php 第 501 行.
NOTIC: [8] Undefined variable: addons D:\wamp\www\eciyuanWebsite\Yimei\Application\Common\Common\function.php 第 501 行.
NOTIC: [8] Undefined variable: addons D:\wamp\www\eciyuanWebsite\Yimei\Application\Common\Common\function.php 第 501 行.
NOTIC: [8] Undefined variable: addons D:\wamp\www\eciyuanWebsite\Yimei\Application\Common\Common\function.php 第 501 行.
NOTIC: [8] Undefined variable: addons D:\wamp\www\eciyuanWebsite\Yimei\Application\Common\Common\function.php 第 501 行.
NOTIC: [8] Undefined variable: addons D:\wamp\www\eciyuanWebsite\Yimei\Application\Common\Common\function.php 第 501 行.
NOTIC: [8] Undefined variable: addons D:\wamp\www\eciyuanWebsite\Yimei\Application\Common\Common\function.php 第 501 行.
NOTIC: [8] Undefined variable: addons D:\wamp\www\eciyuanWebsite\Yimei\Application\Common\Common\function.php 第 501 行.
NOTIC: [8] Undefined variable: addons D:\wamp\www\eciyuanWebsite\Yimei\Application\Common\Common\function.php 第 501 行.
NOTIC: [8] Undefined variable: addons D:\wamp\www\eciyuanWebsite\Yimei\Application\Common\Common\function.php 第 501 行.
NOTIC: [8] Undefined variable: addons D:\wamp\www\eciyuanWebsite\Yimei\Application\Common\Common\function.php 第 501 行.
NOTIC: [8] Undefined variable: addons D:\wamp\www\eciyuanWebsite\Yimei\Application\Common\Common\function.php 第 501 行.
NOTIC: [8] Undefined variable: addons D:\wamp\www\eciyuanWebsite\Yimei\Application\Common\Common\function.php 第 501 行.
NOTIC: [8] Undefined variable: addons D:\wamp\www\eciyuanWebsite\Yimei\Application\Common\Common\function.php 第 501 行.
NOTIC: [8] Undefined variable: addons D:\wamp\www\eciyuanWebsite\Yimei\Application\Common\Common\function.php 第 501 行.
NOTIC: [8] Undefined variable: addons D:\wamp\www\eciyuanWebsite\Yimei\Application\Common\Common\function.php 第 501 行.
NOTIC: [8] Undefined variable: addons D:\wamp\www\eciyuanWebsite\Yimei\Application\Common\Common\function.php 第 501 行.
NOTIC: [8] Undefined variable: addons D:\wamp\www\eciyuanWebsite\Yimei\Application\Common\Common\function.php 第 501 行.
NOTIC: [8] Undefined variable: addons D:\wamp\www\eciyuanWebsite\Yimei\Application\Common\Common\function.php 第 501 行.
NOTIC: [8] Undefined variable: addons D:\wamp\www\eciyuanWebsite\Yimei\Application\Common\Common\function.php 第 501 行.
NOTIC: [8] Undefined variable: addons D:\wamp\www\eciyuanWebsite\Yimei\Application\Common\Common\function.php 第 501 行.
NOTIC: [8] Undefined offset: 14 D:\wamp\www\eciyuanWebsite\Yimei\Application\Common\Model\ManagerMenuModel.class.php 第 106 行.
NOTIC: [8] Undefined offset: 14 D:\wamp\www\eciyuanWebsite\Yimei\Application\Common\Model\ManagerMenuModel.class.php 第 116 行.
NOTIC: [8] Undefined offset: 60 D:\wamp\www\eciyuanWebsite\Yimei\Application\Common\Model\ManagerMenuModel.class.php 第 106 行.
NOTIC: [8] Undefined offset: 60 D:\wamp\www\eciyuanWebsite\Yimei\Application\Common\Model\ManagerMenuModel.class.php 第 116 行.
NOTIC: [8] Undefined offset: 384 D:\wamp\www\eciyuanWebsite\Yimei\Application\Common\Model\ManagerMenuModel.class.php 第 116 行.
SQL: SELECT * FROM `yimei_public_link` WHERE `uid` = 1  [ RunTime:0.0005s ]
NOTIC: [8] Undefined index: query D:\wamp\www\eciyuanWebsite\Yimei\ThinkPHP\Common\functions.php 第 1002 行.
NOTIC: [8] Undefined index: query D:\wamp\www\eciyuanWebsite\Yimei\ThinkPHP\Common\functions.php 第 1002 行.
INFO: [ app_end ] --START--
INFO: Run Behavior\ShowPageTraceBehavior [ RunTime:0.001852s ]
INFO: Run Behavior\CronRunBehavior [ RunTime:0.004177s ]
INFO: [ app_end ] --END-- [ RunTime:0.006380s ]

[ 2016-11-08T15:51:27+08:00 ] ::1 /eciyuanWebsite/Yimei/index.php?s=/addon/Weiba/Wap/MCount.html
INFO: [ app_init ] --START--
INFO: Run Behavior\BuildLiteBehavior [ RunTime:0.000032s ]
INFO: Run Common\Behavior\InitHookBehavior [ RunTime:0.005867s ]
INFO: [ app_init ] --END-- [ RunTime:0.006886s ]
INFO: [ app_begin ] --START--
INFO: Run Behavior\ReadHtmlCacheBehavior [ RunTime:0.001187s ]
INFO: [ app_begin ] --END-- [ RunTime:0.001301s ]
NOTIC: [8] Undefined index: uid D:\wamp\www\eciyuanWebsite\Yimei\ThinkPHP\Library\Think\Controller.class.php 第 524 行.
NOTIC: [8] Undefined variable: addons D:\wamp\www\eciyuanWebsite\Yimei\Application\Common\Common\function.php 第 501 行.
NOTIC: [8] Undefined variable: addons D:\wamp\www\eciyuanWebsite\Yimei\Application\Common\Common\function.php 第 501 行.
NOTIC: [8] Undefined variable: addons D:\wamp\www\eciyuanWebsite\Yimei\Application\Common\Common\function.php 第 501 行.
NOTIC: [8] Undefined variable: addons D:\wamp\www\eciyuanWebsite\Yimei\Application\Common\Common\function.php 第 501 行.
NOTIC: [8] Undefined variable: addons D:\wamp\www\eciyuanWebsite\Yimei\Application\Common\Common\function.php 第 501 行.
NOTIC: [8] Undefined variable: addons D:\wamp\www\eciyuanWebsite\Yimei\Application\Common\Common\function.php 第 501 行.
NOTIC: [8] Undefined variable: addons D:\wamp\www\eciyuanWebsite\Yimei\Application\Common\Common\function.php 第 501 行.
NOTIC: [8] Undefined variable: addons D:\wamp\www\eciyuanWebsite\Yimei\Application\Common\Common\function.php 第 501 行.
NOTIC: [8] Undefined variable: addons D:\wamp\www\eciyuanWebsite\Yimei\Application\Common\Common\function.php 第 501 行.
NOTIC: [8] Undefined variable: addons D:\wamp\www\eciyuanWebsite\Yimei\Application\Common\Common\function.php 第 501 行.
NOTIC: [8] Undefined variable: addons D:\wamp\www\eciyuanWebsite\Yimei\Application\Common\Common\function.php 第 501 行.
NOTIC: [8] Undefined variable: addons D:\wamp\www\eciyuanWebsite\Yimei\Application\Common\Common\function.php 第 501 行.
NOTIC: [8] Undefined variable: addons D:\wamp\www\eciyuanWebsite\Yimei\Application\Common\Common\function.php 第 501 行.
NOTIC: [8] Undefined variable: addons D:\wamp\www\eciyuanWebsite\Yimei\Application\Common\Common\function.php 第 501 行.
NOTIC: [8] Undefined variable: addons D:\wamp\www\eciyuanWebsite\Yimei\Application\Common\Common\function.php 第 501 行.
NOTIC: [8] Undefined variable: addons D:\wamp\www\eciyuanWebsite\Yimei\Application\Common\Common\function.php 第 501 行.
NOTIC: [8] Undefined variable: addons D:\wamp\www\eciyuanWebsite\Yimei\Application\Common\Common\function.php 第 501 行.
NOTIC: [8] Undefined variable: addons D:\wamp\www\eciyuanWebsite\Yimei\Application\Common\Common\function.php 第 501 行.
NOTIC: [8] Undefined variable: addons D:\wamp\www\eciyuanWebsite\Yimei\Application\Common\Common\function.php 第 501 行.
NOTIC: [8] Undefined variable: addons D:\wamp\www\eciyuanWebsite\Yimei\Application\Common\Common\function.php 第 501 行.
NOTIC: [8] Undefined variable: addons D:\wamp\www\eciyuanWebsite\Yimei\Application\Common\Common\function.php 第 501 行.
NOTIC: [8] Undefined variable: addons D:\wamp\www\eciyuanWebsite\Yimei\Application\Common\Common\function.php 第 501 行.
NOTIC: [8] Undefined variable: addons D:\wamp\www\eciyuanWebsite\Yimei\Application\Common\Common\function.php 第 501 行.
NOTIC: [8] Undefined variable: addons D:\wamp\www\eciyuanWebsite\Yimei\Application\Common\Common\function.php 第 501 行.
NOTIC: [8] Undefined variable: addons D:\wamp\www\eciyuanWebsite\Yimei\Application\Common\Common\function.php 第 501 行.
NOTIC: [8] Undefined variable: addons D:\wamp\www\eciyuanWebsite\Yimei\Application\Common\Common\function.php 第 501 行.
NOTIC: [8] Undefined variable: addons D:\wamp\www\eciyuanWebsite\Yimei\Application\Common\Common\function.php 第 501 行.
NOTIC: [8] Undefined variable: addons D:\wamp\www\eciyuanWebsite\Yimei\Application\Common\Common\function.php 第 501 行.
NOTIC: [8] Undefined variable: addons D:\wamp\www\eciyuanWebsite\Yimei\Application\Common\Common\function.php 第 501 行.
NOTIC: [8] Undefined variable: addons D:\wamp\www\eciyuanWebsite\Yimei\Application\Common\Common\function.php 第 501 行.
NOTIC: [8] Undefined variable: addons D:\wamp\www\eciyuanWebsite\Yimei\Application\Common\Common\function.php 第 501 行.
NOTIC: [8] Undefined variable: addons D:\wamp\www\eciyuanWebsite\Yimei\Application\Common\Common\function.php 第 501 行.
NOTIC: [8] Undefined variable: addons D:\wamp\www\eciyuanWebsite\Yimei\Application\Common\Common\function.php 第 501 行.
NOTIC: [8] Undefined variable: addons D:\wamp\www\eciyuanWebsite\Yimei\Application\Common\Common\function.php 第 501 行.
NOTIC: [8] Undefined variable: addons D:\wamp\www\eciyuanWebsite\Yimei\Application\Common\Common\function.php 第 501 行.
NOTIC: [8] Undefined variable: addons D:\wamp\www\eciyuanWebsite\Yimei\Application\Common\Common\function.php 第 501 行.
NOTIC: [8] Undefined variable: addons D:\wamp\www\eciyuanWebsite\Yimei\Application\Common\Common\function.php 第 501 行.
NOTIC: [8] Undefined variable: addons D:\wamp\www\eciyuanWebsite\Yimei\Application\Common\Common\function.php 第 501 行.
NOTIC: [8] Undefined variable: addons D:\wamp\www\eciyuanWebsite\Yimei\Application\Common\Common\function.php 第 501 行.
NOTIC: [8] Undefined variable: addons D:\wamp\www\eciyuanWebsite\Yimei\Application\Common\Common\function.php 第 501 行.
NOTIC: [8] Undefined variable: addons D:\wamp\www\eciyuanWebsite\Yimei\Application\Common\Common\function.php 第 501 行.
NOTIC: [8] Undefined variable: addons D:\wamp\www\eciyuanWebsite\Yimei\Application\Common\Common\function.php 第 501 行.
NOTIC: [8] Undefined variable: addons D:\wamp\www\eciyuanWebsite\Yimei\Application\Common\Common\function.php 第 501 行.
SQL: SELECT * FROM `yimei_manager_menu` WHERE `uid` = 1 AND `is_hide` = 0 ORDER BY sort asc, id asc  [ RunTime:0.0014s ]
NOTIC: [8] Undefined variable: addons D:\wamp\www\eciyuanWebsite\Yimei\Application\Common\Common\function.php 第 501 行.
NOTIC: [8] Undefined variable: addons D:\wamp\www\eciyuanWebsite\Yimei\Application\Common\Common\function.php 第 501 行.
NOTIC: [8] Undefined variable: addons D:\wamp\www\eciyuanWebsite\Yimei\Application\Common\Common\function.php 第 501 行.
NOTIC: [8] Undefined variable: addons D:\wamp\www\eciyuanWebsite\Yimei\Application\Common\Common\function.php 第 501 行.
NOTIC: [8] Undefined variable: addons D:\wamp\www\eciyuanWebsite\Yimei\Application\Common\Common\function.php 第 501 行.
NOTIC: [8] Undefined variable: addons D:\wamp\www\eciyuanWebsite\Yimei\Application\Common\Common\function.php 第 501 行.
NOTIC: [8] Undefined variable: addons D:\wamp\www\eciyuanWebsite\Yimei\Application\Common\Common\function.php 第 501 行.
NOTIC: [8] Undefined variable: addons D:\wamp\www\eciyuanWebsite\Yimei\Application\Common\Common\function.php 第 501 行.
NOTIC: [8] Undefined variable: addons D:\wamp\www\eciyuanWebsite\Yimei\Application\Common\Common\function.php 第 501 行.
NOTIC: [8] Undefined variable: addons D:\wamp\www\eciyuanWebsite\Yimei\Application\Common\Common\function.php 第 501 行.
NOTIC: [8] Undefined variable: addons D:\wamp\www\eciyuanWebsite\Yimei\Application\Common\Common\function.php 第 501 行.
NOTIC: [8] Undefined variable: addons D:\wamp\www\eciyuanWebsite\Yimei\Application\Common\Common\function.php 第 501 行.
NOTIC: [8] Undefined variable: addons D:\wamp\www\eciyuanWebsite\Yimei\Application\Common\Common\function.php 第 501 行.
NOTIC: [8] Undefined variable: addons D:\wamp\www\eciyuanWebsite\Yimei\Application\Common\Common\function.php 第 501 行.
NOTIC: [8] Undefined variable: addons D:\wamp\www\eciyuanWebsite\Yimei\Application\Common\Common\function.php 第 501 行.
NOTIC: [8] Undefined variable: addons D:\wamp\www\eciyuanWebsite\Yimei\Application\Common\Common\function.php 第 501 行.
NOTIC: [8] Undefined variable: addons D:\wamp\www\eciyuanWebsite\Yimei\Application\Common\Common\function.php 第 501 行.
NOTIC: [8] Undefined variable: addons D:\wamp\www\eciyuanWebsite\Yimei\Application\Common\Common\function.php 第 501 行.
NOTIC: [8] Undefined variable: addons D:\wamp\www\eciyuanWebsite\Yimei\Application\Common\Common\function.php 第 501 行.
NOTIC: [8] Undefined variable: addons D:\wamp\www\eciyuanWebsite\Yimei\Application\Common\Common\function.php 第 501 行.
NOTIC: [8] Undefined variable: addons D:\wamp\www\eciyuanWebsite\Yimei\Application\Common\Common\function.php 第 501 行.
NOTIC: [8] Undefined variable: addons D:\wamp\www\eciyuanWebsite\Yimei\Application\Common\Common\function.php 第 501 行.
NOTIC: [8] Undefined variable: addons D:\wamp\www\eciyuanWebsite\Yimei\Application\Common\Common\function.php 第 501 行.
NOTIC: [8] Undefined variable: addons D:\wamp\www\eciyuanWebsite\Yimei\Application\Common\Common\function.php 第 501 行.
NOTIC: [8] Undefined variable: addons D:\wamp\www\eciyuanWebsite\Yimei\Application\Common\Common\function.php 第 501 行.
NOTIC: [8] Undefined variable: addons D:\wamp\www\eciyuanWebsite\Yimei\Application\Common\Common\function.php 第 501 行.
NOTIC: [8] Undefined variable: addons D:\wamp\www\eciyuanWebsite\Yimei\Application\Common\Common\function.php 第 501 行.
NOTIC: [8] Undefined variable: addons D:\wamp\www\eciyuanWebsite\Yimei\Application\Common\Common\function.php 第 501 行.
NOTIC: [8] Undefined variable: addons D:\wamp\www\eciyuanWebsite\Yimei\Application\Common\Common\function.php 第 501 行.
NOTIC: [8] Undefined variable: addons D:\wamp\www\eciyuanWebsite\Yimei\Application\Common\Common\function.php 第 501 行.
NOTIC: [8] Undefined variable: addons D:\wamp\www\eciyuanWebsite\Yimei\Application\Common\Common\function.php 第 501 行.
NOTIC: [8] Undefined variable: addons D:\wamp\www\eciyuanWebsite\Yimei\Application\Common\Common\function.php 第 501 行.
NOTIC: [8] Undefined variable: addons D:\wamp\www\eciyuanWebsite\Yimei\Application\Common\Common\function.php 第 501 行.
NOTIC: [8] Undefined variable: addons D:\wamp\www\eciyuanWebsite\Yimei\Application\Common\Common\function.php 第 501 行.
NOTIC: [8] Undefined variable: addons D:\wamp\www\eciyuanWebsite\Yimei\Application\Common\Common\function.php 第 501 行.
NOTIC: [8] Undefined variable: addons D:\wamp\www\eciyuanWebsite\Yimei\Application\Common\Common\function.php 第 501 行.
NOTIC: [8] Undefined variable: addons D:\wamp\www\eciyuanWebsite\Yimei\Application\Common\Common\function.php 第 501 行.
NOTIC: [8] Undefined variable: addons D:\wamp\www\eciyuanWebsite\Yimei\Application\Common\Common\function.php 第 501 行.
NOTIC: [8] Undefined offset: 14 D:\wamp\www\eciyuanWebsite\Yimei\Application\Common\Model\ManagerMenuModel.class.php 第 106 行.
NOTIC: [8] Undefined offset: 14 D:\wamp\www\eciyuanWebsite\Yimei\Application\Common\Model\ManagerMenuModel.class.php 第 116 行.
NOTIC: [8] Undefined offset: 60 D:\wamp\www\eciyuanWebsite\Yimei\Application\Common\Model\ManagerMenuModel.class.php 第 106 行.
NOTIC: [8] Undefined offset: 60 D:\wamp\www\eciyuanWebsite\Yimei\Application\Common\Model\ManagerMenuModel.class.php 第 116 行.
NOTIC: [8] Undefined offset: 384 D:\wamp\www\eciyuanWebsite\Yimei\Application\Common\Model\ManagerMenuModel.class.php 第 116 行.
SQL: SELECT * FROM `yimei_public_link` WHERE `uid` = 1  [ RunTime:0.0005s ]
NOTIC: [8] Undefined index: query D:\wamp\www\eciyuanWebsite\Yimei\ThinkPHP\Common\functions.php 第 1002 行.
NOTIC: [8] Undefined index: query D:\wamp\www\eciyuanWebsite\Yimei\ThinkPHP\Common\functions.php 第 1002 行.
INFO: [ app_end ] --START--
INFO: Run Behavior\ShowPageTraceBehavior [ RunTime:0.001436s ]
INFO: Run Behavior\CronRunBehavior [ RunTime:0.003112s ]
INFO: [ app_end ] --END-- [ RunTime:0.004794s ]

[ 2016-11-08T15:51:58+08:00 ] ::1 /eciyuanWebsite/Yimei/index.php?s=/addon/Weiba/Wap/MCount.html
INFO: [ app_init ] --START--
INFO: Run Behavior\BuildLiteBehavior [ RunTime:0.000038s ]
INFO: Run Common\Behavior\InitHookBehavior [ RunTime:0.004464s ]
INFO: [ app_init ] --END-- [ RunTime:0.005669s ]
INFO: [ app_begin ] --START--
INFO: Run Behavior\ReadHtmlCacheBehavior [ RunTime:0.000934s ]
INFO: [ app_begin ] --END-- [ RunTime:0.001069s ]
NOTIC: [8] Undefined index: uid D:\wamp\www\eciyuanWebsite\Yimei\ThinkPHP\Library\Think\Controller.class.php 第 524 行.
NOTIC: [8] Undefined variable: addons D:\wamp\www\eciyuanWebsite\Yimei\Application\Common\Common\function.php 第 501 行.
NOTIC: [8] Undefined variable: addons D:\wamp\www\eciyuanWebsite\Yimei\Application\Common\Common\function.php 第 501 行.
NOTIC: [8] Undefined variable: addons D:\wamp\www\eciyuanWebsite\Yimei\Application\Common\Common\function.php 第 501 行.
NOTIC: [8] Undefined variable: addons D:\wamp\www\eciyuanWebsite\Yimei\Application\Common\Common\function.php 第 501 行.
NOTIC: [8] Undefined variable: addons D:\wamp\www\eciyuanWebsite\Yimei\Application\Common\Common\function.php 第 501 行.
NOTIC: [8] Undefined variable: addons D:\wamp\www\eciyuanWebsite\Yimei\Application\Common\Common\function.php 第 501 行.
NOTIC: [8] Undefined variable: addons D:\wamp\www\eciyuanWebsite\Yimei\Application\Common\Common\function.php 第 501 行.
NOTIC: [8] Undefined variable: addons D:\wamp\www\eciyuanWebsite\Yimei\Application\Common\Common\function.php 第 501 行.
NOTIC: [8] Undefined variable: addons D:\wamp\www\eciyuanWebsite\Yimei\Application\Common\Common\function.php 第 501 行.
NOTIC: [8] Undefined variable: addons D:\wamp\www\eciyuanWebsite\Yimei\Application\Common\Common\function.php 第 501 行.
NOTIC: [8] Undefined variable: addons D:\wamp\www\eciyuanWebsite\Yimei\Application\Common\Common\function.php 第 501 行.
NOTIC: [8] Undefined variable: addons D:\wamp\www\eciyuanWebsite\Yimei\Application\Common\Common\function.php 第 501 行.
NOTIC: [8] Undefined variable: addons D:\wamp\www\eciyuanWebsite\Yimei\Application\Common\Common\function.php 第 501 行.
NOTIC: [8] Undefined variable: addons D:\wamp\www\eciyuanWebsite\Yimei\Application\Common\Common\function.php 第 501 行.
NOTIC: [8] Undefined variable: addons D:\wamp\www\eciyuanWebsite\Yimei\Application\Common\Common\function.php 第 501 行.
NOTIC: [8] Undefined variable: addons D:\wamp\www\eciyuanWebsite\Yimei\Application\Common\Common\function.php 第 501 行.
NOTIC: [8] Undefined variable: addons D:\wamp\www\eciyuanWebsite\Yimei\Application\Common\Common\function.php 第 501 行.
NOTIC: [8] Undefined variable: addons D:\wamp\www\eciyuanWebsite\Yimei\Application\Common\Common\function.php 第 501 行.
NOTIC: [8] Undefined variable: addons D:\wamp\www\eciyuanWebsite\Yimei\Application\Common\Common\function.php 第 501 行.
NOTIC: [8] Undefined variable: addons D:\wamp\www\eciyuanWebsite\Yimei\Application\Common\Common\function.php 第 501 行.
NOTIC: [8] Undefined variable: addons D:\wamp\www\eciyuanWebsite\Yimei\Application\Common\Common\function.php 第 501 行.
NOTIC: [8] Undefined variable: addons D:\wamp\www\eciyuanWebsite\Yimei\Application\Common\Common\function.php 第 501 行.
NOTIC: [8] Undefined variable: addons D:\wamp\www\eciyuanWebsite\Yimei\Application\Common\Common\function.php 第 501 行.
NOTIC: [8] Undefined variable: addons D:\wamp\www\eciyuanWebsite\Yimei\Application\Common\Common\function.php 第 501 行.
NOTIC: [8] Undefined variable: addons D:\wamp\www\eciyuanWebsite\Yimei\Application\Common\Common\function.php 第 501 行.
NOTIC: [8] Undefined variable: addons D:\wamp\www\eciyuanWebsite\Yimei\Application\Common\Common\function.php 第 501 行.
NOTIC: [8] Undefined variable: addons D:\wamp\www\eciyuanWebsite\Yimei\Application\Common\Common\function.php 第 501 行.
NOTIC: [8] Undefined variable: addons D:\wamp\www\eciyuanWebsite\Yimei\Application\Common\Common\function.php 第 501 行.
NOTIC: [8] Undefined variable: addons D:\wamp\www\eciyuanWebsite\Yimei\Application\Common\Common\function.php 第 501 行.
NOTIC: [8] Undefined variable: addons D:\wamp\www\eciyuanWebsite\Yimei\Application\Common\Common\function.php 第 501 行.
NOTIC: [8] Undefined variable: addons D:\wamp\www\eciyuanWebsite\Yimei\Application\Common\Common\function.php 第 501 行.
NOTIC: [8] Undefined variable: addons D:\wamp\www\eciyuanWebsite\Yimei\Application\Common\Common\function.php 第 501 行.
NOTIC: [8] Undefined variable: addons D:\wamp\www\eciyuanWebsite\Yimei\Application\Common\Common\function.php 第 501 行.
NOTIC: [8] Undefined variable: addons D:\wamp\www\eciyuanWebsite\Yimei\Application\Common\Common\function.php 第 501 行.
NOTIC: [8] Undefined variable: addons D:\wamp\www\eciyuanWebsite\Yimei\Application\Common\Common\function.php 第 501 行.
NOTIC: [8] Undefined variable: addons D:\wamp\www\eciyuanWebsite\Yimei\Application\Common\Common\function.php 第 501 行.
NOTIC: [8] Undefined variable: addons D:\wamp\www\eciyuanWebsite\Yimei\Application\Common\Common\function.php 第 501 行.
NOTIC: [8] Undefined variable: addons D:\wamp\www\eciyuanWebsite\Yimei\Application\Common\Common\function.php 第 501 行.
NOTIC: [8] Undefined variable: addons D:\wamp\www\eciyuanWebsite\Yimei\Application\Common\Common\function.php 第 501 行.
NOTIC: [8] Undefined variable: addons D:\wamp\www\eciyuanWebsite\Yimei\Application\Common\Common\function.php 第 501 行.
NOTIC: [8] Undefined variable: addons D:\wamp\www\eciyuanWebsite\Yimei\Application\Common\Common\function.php 第 501 行.
NOTIC: [8] Undefined variable: addons D:\wamp\www\eciyuanWebsite\Yimei\Application\Common\Common\function.php 第 501 行.
NOTIC: [8] Undefined variable: addons D:\wamp\www\eciyuanWebsite\Yimei\Application\Common\Common\function.php 第 501 行.
SQL: SELECT * FROM `yimei_manager_menu` WHERE `uid` = 1 AND `is_hide` = 0 ORDER BY sort asc, id asc  [ RunTime:0.0013s ]
NOTIC: [8] Undefined variable: addons D:\wamp\www\eciyuanWebsite\Yimei\Application\Common\Common\function.php 第 501 行.
NOTIC: [8] Undefined variable: addons D:\wamp\www\eciyuanWebsite\Yimei\Application\Common\Common\function.php 第 501 行.
NOTIC: [8] Undefined variable: addons D:\wamp\www\eciyuanWebsite\Yimei\Application\Common\Common\function.php 第 501 行.
NOTIC: [8] Undefined variable: addons D:\wamp\www\eciyuanWebsite\Yimei\Application\Common\Common\function.php 第 501 行.
NOTIC: [8] Undefined variable: addons D:\wamp\www\eciyuanWebsite\Yimei\Application\Common\Common\function.php 第 501 行.
NOTIC: [8] Undefined variable: addons D:\wamp\www\eciyuanWebsite\Yimei\Application\Common\Common\function.php 第 501 行.
NOTIC: [8] Undefined variable: addons D:\wamp\www\eciyuanWebsite\Yimei\Application\Common\Common\function.php 第 501 行.
NOTIC: [8] Undefined variable: addons D:\wamp\www\eciyuanWebsite\Yimei\Application\Common\Common\function.php 第 501 行.
NOTIC: [8] Undefined variable: addons D:\wamp\www\eciyuanWebsite\Yimei\Application\Common\Common\function.php 第 501 行.
NOTIC: [8] Undefined variable: addons D:\wamp\www\eciyuanWebsite\Yimei\Application\Common\Common\function.php 第 501 行.
NOTIC: [8] Undefined variable: addons D:\wamp\www\eciyuanWebsite\Yimei\Application\Common\Common\function.php 第 501 行.
NOTIC: [8] Undefined variable: addons D:\wamp\www\eciyuanWebsite\Yimei\Application\Common\Common\function.php 第 501 行.
NOTIC: [8] Undefined variable: addons D:\wamp\www\eciyuanWebsite\Yimei\Application\Common\Common\function.php 第 501 行.
NOTIC: [8] Undefined variable: addons D:\wamp\www\eciyuanWebsite\Yimei\Application\Common\Common\function.php 第 501 行.
NOTIC: [8] Undefined variable: addons D:\wamp\www\eciyuanWebsite\Yimei\Application\Common\Common\function.php 第 501 行.
NOTIC: [8] Undefined variable: addons D:\wamp\www\eciyuanWebsite\Yimei\Application\Common\Common\function.php 第 501 行.
NOTIC: [8] Undefined variable: addons D:\wamp\www\eciyuanWebsite\Yimei\Application\Common\Common\function.php 第 501 行.
NOTIC: [8] Undefined variable: addons D:\wamp\www\eciyuanWebsite\Yimei\Application\Common\Common\function.php 第 501 行.
NOTIC: [8] Undefined variable: addons D:\wamp\www\eciyuanWebsite\Yimei\Application\Common\Common\function.php 第 501 行.
NOTIC: [8] Undefined variable: addons D:\wamp\www\eciyuanWebsite\Yimei\Application\Common\Common\function.php 第 501 行.
NOTIC: [8] Undefined variable: addons D:\wamp\www\eciyuanWebsite\Yimei\Application\Common\Common\function.php 第 501 行.
NOTIC: [8] Undefined variable: addons D:\wamp\www\eciyuanWebsite\Yimei\Application\Common\Common\function.php 第 501 行.
NOTIC: [8] Undefined variable: addons D:\wamp\www\eciyuanWebsite\Yimei\Application\Common\Common\function.php 第 501 行.
NOTIC: [8] Undefined variable: addons D:\wamp\www\eciyuanWebsite\Yimei\Application\Common\Common\function.php 第 501 行.
NOTIC: [8] Undefined variable: addons D:\wamp\www\eciyuanWebsite\Yimei\Application\Common\Common\function.php 第 501 行.
NOTIC: [8] Undefined variable: addons D:\wamp\www\eciyuanWebsite\Yimei\Application\Common\Common\function.php 第 501 行.
NOTIC: [8] Undefined variable: addons D:\wamp\www\eciyuanWebsite\Yimei\Application\Common\Common\function.php 第 501 行.
NOTIC: [8] Undefined variable: addons D:\wamp\www\eciyuanWebsite\Yimei\Application\Common\Common\function.php 第 501 行.
NOTIC: [8] Undefined variable: addons D:\wamp\www\eciyuanWebsite\Yimei\Application\Common\Common\function.php 第 501 行.
NOTIC: [8] Undefined variable: addons D:\wamp\www\eciyuanWebsite\Yimei\Application\Common\Common\function.php 第 501 行.
NOTIC: [8] Undefined variable: addons D:\wamp\www\eciyuanWebsite\Yimei\Application\Common\Common\function.php 第 501 行.
NOTIC: [8] Undefined variable: addons D:\wamp\www\eciyuanWebsite\Yimei\Application\Common\Common\function.php 第 501 行.
NOTIC: [8] Undefined variable: addons D:\wamp\www\eciyuanWebsite\Yimei\Application\Common\Common\function.php 第 501 行.
NOTIC: [8] Undefined variable: addons D:\wamp\www\eciyuanWebsite\Yimei\Application\Common\Common\function.php 第 501 行.
NOTIC: [8] Undefined variable: addons D:\wamp\www\eciyuanWebsite\Yimei\Application\Common\Common\function.php 第 501 行.
NOTIC: [8] Undefined variable: addons D:\wamp\www\eciyuanWebsite\Yimei\Application\Common\Common\function.php 第 501 行.
NOTIC: [8] Undefined variable: addons D:\wamp\www\eciyuanWebsite\Yimei\Application\Common\Common\function.php 第 501 行.
NOTIC: [8] Undefined variable: addons D:\wamp\www\eciyuanWebsite\Yimei\Application\Common\Common\function.php 第 501 行.
NOTIC: [8] Undefined offset: 14 D:\wamp\www\eciyuanWebsite\Yimei\Application\Common\Model\ManagerMenuModel.class.php 第 106 行.
NOTIC: [8] Undefined offset: 14 D:\wamp\www\eciyuanWebsite\Yimei\Application\Common\Model\ManagerMenuModel.class.php 第 116 行.
NOTIC: [8] Undefined offset: 60 D:\wamp\www\eciyuanWebsite\Yimei\Application\Common\Model\ManagerMenuModel.class.php 第 106 行.
NOTIC: [8] Undefined offset: 60 D:\wamp\www\eciyuanWebsite\Yimei\Application\Common\Model\ManagerMenuModel.class.php 第 116 行.
NOTIC: [8] Undefined offset: 384 D:\wamp\www\eciyuanWebsite\Yimei\Application\Common\Model\ManagerMenuModel.class.php 第 116 行.
SQL: SELECT * FROM `yimei_public_link` WHERE `uid` = 1  [ RunTime:0.0005s ]
NOTIC: [8] Undefined index: query D:\wamp\www\eciyuanWebsite\Yimei\ThinkPHP\Common\functions.php 第 1002 行.
NOTIC: [8] Undefined index: query D:\wamp\www\eciyuanWebsite\Yimei\ThinkPHP\Common\functions.php 第 1002 行.
INFO: [ app_end ] --START--
INFO: Run Behavior\ShowPageTraceBehavior [ RunTime:0.001323s ]
INFO: Run Behavior\CronRunBehavior [ RunTime:0.002949s ]
INFO: [ app_end ] --END-- [ RunTime:0.004479s ]

[ 2016-11-08T15:52:28+08:00 ] ::1 /eciyuanWebsite/Yimei/index.php?s=/addon/Weiba/Wap/MCount.html
INFO: [ app_init ] --START--
INFO: Run Behavior\BuildLiteBehavior [ RunTime:0.000043s ]
INFO: Run Common\Behavior\InitHookBehavior [ RunTime:0.006981s ]
INFO: [ app_init ] --END-- [ RunTime:0.008358s ]
INFO: [ app_begin ] --START--
INFO: Run Behavior\ReadHtmlCacheBehavior [ RunTime:0.001319s ]
INFO: [ app_begin ] --END-- [ RunTime:0.001484s ]
NOTIC: [8] Undefined index: uid D:\wamp\www\eciyuanWebsite\Yimei\ThinkPHP\Library\Think\Controller.class.php 第 524 行.
NOTIC: [8] Undefined variable: addons D:\wamp\www\eciyuanWebsite\Yimei\Application\Common\Common\function.php 第 501 行.
NOTIC: [8] Undefined variable: addons D:\wamp\www\eciyuanWebsite\Yimei\Application\Common\Common\function.php 第 501 行.
NOTIC: [8] Undefined variable: addons D:\wamp\www\eciyuanWebsite\Yimei\Application\Common\Common\function.php 第 501 行.
NOTIC: [8] Undefined variable: addons D:\wamp\www\eciyuanWebsite\Yimei\Application\Common\Common\function.php 第 501 行.
NOTIC: [8] Undefined variable: addons D:\wamp\www\eciyuanWebsite\Yimei\Application\Common\Common\function.php 第 501 行.
NOTIC: [8] Undefined variable: addons D:\wamp\www\eciyuanWebsite\Yimei\Application\Common\Common\function.php 第 501 行.
NOTIC: [8] Undefined variable: addons D:\wamp\www\eciyuanWebsite\Yimei\Application\Common\Common\function.php 第 501 行.
NOTIC: [8] Undefined variable: addons D:\wamp\www\eciyuanWebsite\Yimei\Application\Common\Common\function.php 第 501 行.
NOTIC: [8] Undefined variable: addons D:\wamp\www\eciyuanWebsite\Yimei\Application\Common\Common\function.php 第 501 行.
NOTIC: [8] Undefined variable: addons D:\wamp\www\eciyuanWebsite\Yimei\Application\Common\Common\function.php 第 501 行.
NOTIC: [8] Undefined variable: addons D:\wamp\www\eciyuanWebsite\Yimei\Application\Common\Common\function.php 第 501 行.
NOTIC: [8] Undefined variable: addons D:\wamp\www\eciyuanWebsite\Yimei\Application\Common\Common\function.php 第 501 行.
NOTIC: [8] Undefined variable: addons D:\wamp\www\eciyuanWebsite\Yimei\Application\Common\Common\function.php 第 501 行.
NOTIC: [8] Undefined variable: addons D:\wamp\www\eciyuanWebsite\Yimei\Application\Common\Common\function.php 第 501 行.
NOTIC: [8] Undefined variable: addons D:\wamp\www\eciyuanWebsite\Yimei\Application\Common\Common\function.php 第 501 行.
NOTIC: [8] Undefined variable: addons D:\wamp\www\eciyuanWebsite\Yimei\Application\Common\Common\function.php 第 501 行.
NOTIC: [8] Undefined variable: addons D:\wamp\www\eciyuanWebsite\Yimei\Application\Common\Common\function.php 第 501 行.
NOTIC: [8] Undefined variable: addons D:\wamp\www\eciyuanWebsite\Yimei\Application\Common\Common\function.php 第 501 行.
NOTIC: [8] Undefined variable: addons D:\wamp\www\eciyuanWebsite\Yimei\Application\Common\Common\function.php 第 501 行.
NOTIC: [8] Undefined variable: addons D:\wamp\www\eciyuanWebsite\Yimei\Application\Common\Common\function.php 第 501 行.
NOTIC: [8] Undefined variable: addons D:\wamp\www\eciyuanWebsite\Yimei\Application\Common\Common\function.php 第 501 行.
NOTIC: [8] Undefined variable: addons D:\wamp\www\eciyuanWebsite\Yimei\Application\Common\Common\function.php 第 501 行.
NOTIC: [8] Undefined variable: addons D:\wamp\www\eciyuanWebsite\Yimei\Application\Common\Common\function.php 第 501 行.
NOTIC: [8] Undefined variable: addons D:\wamp\www\eciyuanWebsite\Yimei\Application\Common\Common\function.php 第 501 行.
NOTIC: [8] Undefined variable: addons D:\wamp\www\eciyuanWebsite\Yimei\Application\Common\Common\function.php 第 501 行.
NOTIC: [8] Undefined variable: addons D:\wamp\www\eciyuanWebsite\Yimei\Application\Common\Common\function.php 第 501 行.
NOTIC: [8] Undefined variable: addons D:\wamp\www\eciyuanWebsite\Yimei\Application\Common\Common\function.php 第 501 行.
NOTIC: [8] Undefined variable: addons D:\wamp\www\eciyuanWebsite\Yimei\Application\Common\Common\function.php 第 501 行.
NOTIC: [8] Undefined variable: addons D:\wamp\www\eciyuanWebsite\Yimei\Application\Common\Common\function.php 第 501 行.
NOTIC: [8] Undefined variable: addons D:\wamp\www\eciyuanWebsite\Yimei\Application\Common\Common\function.php 第 501 行.
NOTIC: [8] Undefined variable: addons D:\wamp\www\eciyuanWebsite\Yimei\Application\Common\Common\function.php 第 501 行.
NOTIC: [8] Undefined variable: addons D:\wamp\www\eciyuanWebsite\Yimei\Application\Common\Common\function.php 第 501 行.
NOTIC: [8] Undefined variable: addons D:\wamp\www\eciyuanWebsite\Yimei\Application\Common\Common\function.php 第 501 行.
NOTIC: [8] Undefined variable: addons D:\wamp\www\eciyuanWebsite\Yimei\Application\Common\Common\function.php 第 501 行.
NOTIC: [8] Undefined variable: addons D:\wamp\www\eciyuanWebsite\Yimei\Application\Common\Common\function.php 第 501 行.
NOTIC: [8] Undefined variable: addons D:\wamp\www\eciyuanWebsite\Yimei\Application\Common\Common\function.php 第 501 行.
NOTIC: [8] Undefined variable: addons D:\wamp\www\eciyuanWebsite\Yimei\Application\Common\Common\function.php 第 501 行.
NOTIC: [8] Undefined variable: addons D:\wamp\www\eciyuanWebsite\Yimei\Application\Common\Common\function.php 第 501 行.
NOTIC: [8] Undefined variable: addons D:\wamp\www\eciyuanWebsite\Yimei\Application\Common\Common\function.php 第 501 行.
NOTIC: [8] Undefined variable: addons D:\wamp\www\eciyuanWebsite\Yimei\Application\Common\Common\function.php 第 501 行.
NOTIC: [8] Undefined variable: addons D:\wamp\www\eciyuanWebsite\Yimei\Application\Common\Common\function.php 第 501 行.
NOTIC: [8] Undefined variable: addons D:\wamp\www\eciyuanWebsite\Yimei\Application\Common\Common\function.php 第 501 行.
NOTIC: [8] Undefined variable: addons D:\wamp\www\eciyuanWebsite\Yimei\Application\Common\Common\function.php 第 501 行.
SQL: SELECT * FROM `yimei_manager_menu` WHERE `uid` = 1 AND `is_hide` = 0 ORDER BY sort asc, id asc  [ RunTime:0.0013s ]
NOTIC: [8] Undefined variable: addons D:\wamp\www\eciyuanWebsite\Yimei\Application\Common\Common\function.php 第 501 行.
NOTIC: [8] Undefined variable: addons D:\wamp\www\eciyuanWebsite\Yimei\Application\Common\Common\function.php 第 501 行.
NOTIC: [8] Undefined variable: addons D:\wamp\www\eciyuanWebsite\Yimei\Application\Common\Common\function.php 第 501 行.
NOTIC: [8] Undefined variable: addons D:\wamp\www\eciyuanWebsite\Yimei\Application\Common\Common\function.php 第 501 行.
NOTIC: [8] Undefined variable: addons D:\wamp\www\eciyuanWebsite\Yimei\Application\Common\Common\function.php 第 501 行.
NOTIC: [8] Undefined variable: addons D:\wamp\www\eciyuanWebsite\Yimei\Application\Common\Common\function.php 第 501 行.
NOTIC: [8] Undefined variable: addons D:\wamp\www\eciyuanWebsite\Yimei\Application\Common\Common\function.php 第 501 行.
NOTIC: [8] Undefined variable: addons D:\wamp\www\eciyuanWebsite\Yimei\Application\Common\Common\function.php 第 501 行.
NOTIC: [8] Undefined variable: addons D:\wamp\www\eciyuanWebsite\Yimei\Application\Common\Common\function.php 第 501 行.
NOTIC: [8] Undefined variable: addons D:\wamp\www\eciyuanWebsite\Yimei\Application\Common\Common\function.php 第 501 行.
NOTIC: [8] Undefined variable: addons D:\wamp\www\eciyuanWebsite\Yimei\Application\Common\Common\function.php 第 501 行.
NOTIC: [8] Undefined variable: addons D:\wamp\www\eciyuanWebsite\Yimei\Application\Common\Common\function.php 第 501 行.
NOTIC: [8] Undefined variable: addons D:\wamp\www\eciyuanWebsite\Yimei\Application\Common\Common\function.php 第 501 行.
NOTIC: [8] Undefined variable: addons D:\wamp\www\eciyuanWebsite\Yimei\Application\Common\Common\function.php 第 501 行.
NOTIC: [8] Undefined variable: addons D:\wamp\www\eciyuanWebsite\Yimei\Application\Common\Common\function.php 第 501 行.
NOTIC: [8] Undefined variable: addons D:\wamp\www\eciyuanWebsite\Yimei\Application\Common\Common\function.php 第 501 行.
NOTIC: [8] Undefined variable: addons D:\wamp\www\eciyuanWebsite\Yimei\Application\Common\Common\function.php 第 501 行.
NOTIC: [8] Undefined variable: addons D:\wamp\www\eciyuanWebsite\Yimei\Application\Common\Common\function.php 第 501 行.
NOTIC: [8] Undefined variable: addons D:\wamp\www\eciyuanWebsite\Yimei\Application\Common\Common\function.php 第 501 行.
NOTIC: [8] Undefined variable: addons D:\wamp\www\eciyuanWebsite\Yimei\Application\Common\Common\function.php 第 501 行.
NOTIC: [8] Undefined variable: addons D:\wamp\www\eciyuanWebsite\Yimei\Application\Common\Common\function.php 第 501 行.
NOTIC: [8] Undefined variable: addons D:\wamp\www\eciyuanWebsite\Yimei\Application\Common\Common\function.php 第 501 行.
NOTIC: [8] Undefined variable: addons D:\wamp\www\eciyuanWebsite\Yimei\Application\Common\Common\function.php 第 501 行.
NOTIC: [8] Undefined variable: addons D:\wamp\www\eciyuanWebsite\Yimei\Application\Common\Common\function.php 第 501 行.
NOTIC: [8] Undefined variable: addons D:\wamp\www\eciyuanWebsite\Yimei\Application\Common\Common\function.php 第 501 行.
NOTIC: [8] Undefined variable: addons D:\wamp\www\eciyuanWebsite\Yimei\Application\Common\Common\function.php 第 501 行.
NOTIC: [8] Undefined variable: addons D:\wamp\www\eciyuanWebsite\Yimei\Application\Common\Common\function.php 第 501 行.
NOTIC: [8] Undefined variable: addons D:\wamp\www\eciyuanWebsite\Yimei\Application\Common\Common\function.php 第 501 行.
NOTIC: [8] Undefined variable: addons D:\wamp\www\eciyuanWebsite\Yimei\Application\Common\Common\function.php 第 501 行.
NOTIC: [8] Undefined variable: addons D:\wamp\www\eciyuanWebsite\Yimei\Application\Common\Common\function.php 第 501 行.
NOTIC: [8] Undefined variable: addons D:\wamp\www\eciyuanWebsite\Yimei\Application\Common\Common\function.php 第 501 行.
NOTIC: [8] Undefined variable: addons D:\wamp\www\eciyuanWebsite\Yimei\Application\Common\Common\function.php 第 501 行.
NOTIC: [8] Undefined variable: addons D:\wamp\www\eciyuanWebsite\Yimei\Application\Common\Common\function.php 第 501 行.
NOTIC: [8] Undefined variable: addons D:\wamp\www\eciyuanWebsite\Yimei\Application\Common\Common\function.php 第 501 行.
NOTIC: [8] Undefined variable: addons D:\wamp\www\eciyuanWebsite\Yimei\Application\Common\Common\function.php 第 501 行.
NOTIC: [8] Undefined variable: addons D:\wamp\www\eciyuanWebsite\Yimei\Application\Common\Common\function.php 第 501 行.
NOTIC: [8] Undefined variable: addons D:\wamp\www\eciyuanWebsite\Yimei\Application\Common\Common\function.php 第 501 行.
NOTIC: [8] Undefined variable: addons D:\wamp\www\eciyuanWebsite\Yimei\Application\Common\Common\function.php 第 501 行.
NOTIC: [8] Undefined offset: 14 D:\wamp\www\eciyuanWebsite\Yimei\Application\Common\Model\ManagerMenuModel.class.php 第 106 行.
NOTIC: [8] Undefined offset: 14 D:\wamp\www\eciyuanWebsite\Yimei\Application\Common\Model\ManagerMenuModel.class.php 第 116 行.
NOTIC: [8] Undefined offset: 60 D:\wamp\www\eciyuanWebsite\Yimei\Application\Common\Model\ManagerMenuModel.class.php 第 106 行.
NOTIC: [8] Undefined offset: 60 D:\wamp\www\eciyuanWebsite\Yimei\Application\Common\Model\ManagerMenuModel.class.php 第 116 行.
NOTIC: [8] Undefined offset: 384 D:\wamp\www\eciyuanWebsite\Yimei\Application\Common\Model\ManagerMenuModel.class.php 第 116 行.
SQL: SELECT * FROM `yimei_public_link` WHERE `uid` = 1  [ RunTime:0.0005s ]
NOTIC: [8] Undefined index: query D:\wamp\www\eciyuanWebsite\Yimei\ThinkPHP\Common\functions.php 第 1002 行.
NOTIC: [8] Undefined index: query D:\wamp\www\eciyuanWebsite\Yimei\ThinkPHP\Common\functions.php 第 1002 行.
INFO: [ app_end ] --START--
INFO: Run Behavior\ShowPageTraceBehavior [ RunTime:0.001249s ]
INFO: Run Behavior\CronRunBehavior [ RunTime:0.002804s ]
INFO: [ app_end ] --END-- [ RunTime:0.004265s ]

[ 2016-11-08T15:52:42+08:00 ] ::1 /eciyuanWebsite/Yimei/index.php?s=/addon/Weiba/Reply/checkTopics/model/comment/id/3/mdm/358|385.html
ERR: Think\Controller:checkTopics方法不存在！

[ 2016-11-08T15:52:57+08:00 ] ::1 /eciyuanWebsite/Yimei/index.php?s=/addon/Weiba/Wap/MCount.html
INFO: [ app_init ] --START--
INFO: Run Behavior\BuildLiteBehavior [ RunTime:0.000033s ]
INFO: Run Common\Behavior\InitHookBehavior [ RunTime:0.004696s ]
INFO: [ app_init ] --END-- [ RunTime:0.005653s ]
INFO: [ app_begin ] --START--
INFO: Run Behavior\ReadHtmlCacheBehavior [ RunTime:0.001087s ]
INFO: [ app_begin ] --END-- [ RunTime:0.001208s ]
NOTIC: [8] Undefined index: uid D:\wamp\www\eciyuanWebsite\Yimei\ThinkPHP\Library\Think\Controller.class.php 第 524 行.
NOTIC: [8] Undefined variable: addons D:\wamp\www\eciyuanWebsite\Yimei\Application\Common\Common\function.php 第 501 行.
NOTIC: [8] Undefined variable: addons D:\wamp\www\eciyuanWebsite\Yimei\Application\Common\Common\function.php 第 501 行.
NOTIC: [8] Undefined variable: addons D:\wamp\www\eciyuanWebsite\Yimei\Application\Common\Common\function.php 第 501 行.
NOTIC: [8] Undefined variable: addons D:\wamp\www\eciyuanWebsite\Yimei\Application\Common\Common\function.php 第 501 行.
NOTIC: [8] Undefined variable: addons D:\wamp\www\eciyuanWebsite\Yimei\Application\Common\Common\function.php 第 501 行.
NOTIC: [8] Undefined variable: addons D:\wamp\www\eciyuanWebsite\Yimei\Application\Common\Common\function.php 第 501 行.
NOTIC: [8] Undefined variable: addons D:\wamp\www\eciyuanWebsite\Yimei\Application\Common\Common\function.php 第 501 行.
NOTIC: [8] Undefined variable: addons D:\wamp\www\eciyuanWebsite\Yimei\Application\Common\Common\function.php 第 501 行.
NOTIC: [8] Undefined variable: addons D:\wamp\www\eciyuanWebsite\Yimei\Application\Common\Common\function.php 第 501 行.
NOTIC: [8] Undefined variable: addons D:\wamp\www\eciyuanWebsite\Yimei\Application\Common\Common\function.php 第 501 行.
NOTIC: [8] Undefined variable: addons D:\wamp\www\eciyuanWebsite\Yimei\Application\Common\Common\function.php 第 501 行.
NOTIC: [8] Undefined variable: addons D:\wamp\www\eciyuanWebsite\Yimei\Application\Common\Common\function.php 第 501 行.
NOTIC: [8] Undefined variable: addons D:\wamp\www\eciyuanWebsite\Yimei\Application\Common\Common\function.php 第 501 行.
NOTIC: [8] Undefined variable: addons D:\wamp\www\eciyuanWebsite\Yimei\Application\Common\Common\function.php 第 501 行.
NOTIC: [8] Undefined variable: addons D:\wamp\www\eciyuanWebsite\Yimei\Application\Common\Common\function.php 第 501 行.
NOTIC: [8] Undefined variable: addons D:\wamp\www\eciyuanWebsite\Yimei\Application\Common\Common\function.php 第 501 行.
NOTIC: [8] Undefined variable: addons D:\wamp\www\eciyuanWebsite\Yimei\Application\Common\Common\function.php 第 501 行.
NOTIC: [8] Undefined variable: addons D:\wamp\www\eciyuanWebsite\Yimei\Application\Common\Common\function.php 第 501 行.
NOTIC: [8] Undefined variable: addons D:\wamp\www\eciyuanWebsite\Yimei\Application\Common\Common\function.php 第 501 行.
NOTIC: [8] Undefined variable: addons D:\wamp\www\eciyuanWebsite\Yimei\Application\Common\Common\function.php 第 501 行.
NOTIC: [8] Undefined variable: addons D:\wamp\www\eciyuanWebsite\Yimei\Application\Common\Common\function.php 第 501 行.
NOTIC: [8] Undefined variable: addons D:\wamp\www\eciyuanWebsite\Yimei\Application\Common\Common\function.php 第 501 行.
NOTIC: [8] Undefined variable: addons D:\wamp\www\eciyuanWebsite\Yimei\Application\Common\Common\function.php 第 501 行.
NOTIC: [8] Undefined variable: addons D:\wamp\www\eciyuanWebsite\Yimei\Application\Common\Common\function.php 第 501 行.
NOTIC: [8] Undefined variable: addons D:\wamp\www\eciyuanWebsite\Yimei\Application\Common\Common\function.php 第 501 行.
NOTIC: [8] Undefined variable: addons D:\wamp\www\eciyuanWebsite\Yimei\Application\Common\Common\function.php 第 501 行.
NOTIC: [8] Undefined variable: addons D:\wamp\www\eciyuanWebsite\Yimei\Application\Common\Common\function.php 第 501 行.
NOTIC: [8] Undefined variable: addons D:\wamp\www\eciyuanWebsite\Yimei\Application\Common\Common\function.php 第 501 行.
NOTIC: [8] Undefined variable: addons D:\wamp\www\eciyuanWebsite\Yimei\Application\Common\Common\function.php 第 501 行.
NOTIC: [8] Undefined variable: addons D:\wamp\www\eciyuanWebsite\Yimei\Application\Common\Common\function.php 第 501 行.
NOTIC: [8] Undefined variable: addons D:\wamp\www\eciyuanWebsite\Yimei\Application\Common\Common\function.php 第 501 行.
NOTIC: [8] Undefined variable: addons D:\wamp\www\eciyuanWebsite\Yimei\Application\Common\Common\function.php 第 501 行.
NOTIC: [8] Undefined variable: addons D:\wamp\www\eciyuanWebsite\Yimei\Application\Common\Common\function.php 第 501 行.
NOTIC: [8] Undefined variable: addons D:\wamp\www\eciyuanWebsite\Yimei\Application\Common\Common\function.php 第 501 行.
NOTIC: [8] Undefined variable: addons D:\wamp\www\eciyuanWebsite\Yimei\Application\Common\Common\function.php 第 501 行.
NOTIC: [8] Undefined variable: addons D:\wamp\www\eciyuanWebsite\Yimei\Application\Common\Common\function.php 第 501 行.
NOTIC: [8] Undefined variable: addons D:\wamp\www\eciyuanWebsite\Yimei\Application\Common\Common\function.php 第 501 行.
NOTIC: [8] Undefined variable: addons D:\wamp\www\eciyuanWebsite\Yimei\Application\Common\Common\function.php 第 501 行.
NOTIC: [8] Undefined variable: addons D:\wamp\www\eciyuanWebsite\Yimei\Application\Common\Common\function.php 第 501 行.
NOTIC: [8] Undefined variable: addons D:\wamp\www\eciyuanWebsite\Yimei\Application\Common\Common\function.php 第 501 行.
NOTIC: [8] Undefined variable: addons D:\wamp\www\eciyuanWebsite\Yimei\Application\Common\Common\function.php 第 501 行.
NOTIC: [8] Undefined variable: addons D:\wamp\www\eciyuanWebsite\Yimei\Application\Common\Common\function.php 第 501 行.
NOTIC: [8] Undefined variable: addons D:\wamp\www\eciyuanWebsite\Yimei\Application\Common\Common\function.php 第 501 行.
SQL: SELECT * FROM `yimei_manager_menu` WHERE `uid` = 1 AND `is_hide` = 0 ORDER BY sort asc, id asc  [ RunTime:0.0013s ]
NOTIC: [8] Undefined variable: addons D:\wamp\www\eciyuanWebsite\Yimei\Application\Common\Common\function.php 第 501 行.
NOTIC: [8] Undefined variable: addons D:\wamp\www\eciyuanWebsite\Yimei\Application\Common\Common\function.php 第 501 行.
NOTIC: [8] Undefined variable: addons D:\wamp\www\eciyuanWebsite\Yimei\Application\Common\Common\function.php 第 501 行.
NOTIC: [8] Undefined variable: addons D:\wamp\www\eciyuanWebsite\Yimei\Application\Common\Common\function.php 第 501 行.
NOTIC: [8] Undefined variable: addons D:\wamp\www\eciyuanWebsite\Yimei\Application\Common\Common\function.php 第 501 行.
NOTIC: [8] Undefined variable: addons D:\wamp\www\eciyuanWebsite\Yimei\Application\Common\Common\function.php 第 501 行.
NOTIC: [8] Undefined variable: addons D:\wamp\www\eciyuanWebsite\Yimei\Application\Common\Common\function.php 第 501 行.
NOTIC: [8] Undefined variable: addons D:\wamp\www\eciyuanWebsite\Yimei\Application\Common\Common\function.php 第 501 行.
NOTIC: [8] Undefined variable: addons D:\wamp\www\eciyuanWebsite\Yimei\Application\Common\Common\function.php 第 501 行.
NOTIC: [8] Undefined variable: addons D:\wamp\www\eciyuanWebsite\Yimei\Application\Common\Common\function.php 第 501 行.
NOTIC: [8] Undefined variable: addons D:\wamp\www\eciyuanWebsite\Yimei\Application\Common\Common\function.php 第 501 行.
NOTIC: [8] Undefined variable: addons D:\wamp\www\eciyuanWebsite\Yimei\Application\Common\Common\function.php 第 501 行.
NOTIC: [8] Undefined variable: addons D:\wamp\www\eciyuanWebsite\Yimei\Application\Common\Common\function.php 第 501 行.
NOTIC: [8] Undefined variable: addons D:\wamp\www\eciyuanWebsite\Yimei\Application\Common\Common\function.php 第 501 行.
NOTIC: [8] Undefined variable: addons D:\wamp\www\eciyuanWebsite\Yimei\Application\Common\Common\function.php 第 501 行.
NOTIC: [8] Undefined variable: addons D:\wamp\www\eciyuanWebsite\Yimei\Application\Common\Common\function.php 第 501 行.
NOTIC: [8] Undefined variable: addons D:\wamp\www\eciyuanWebsite\Yimei\Application\Common\Common\function.php 第 501 行.
NOTIC: [8] Undefined variable: addons D:\wamp\www\eciyuanWebsite\Yimei\Application\Common\Common\function.php 第 501 行.
NOTIC: [8] Undefined variable: addons D:\wamp\www\eciyuanWebsite\Yimei\Application\Common\Common\function.php 第 501 行.
NOTIC: [8] Undefined variable: addons D:\wamp\www\eciyuanWebsite\Yimei\Application\Common\Common\function.php 第 501 行.
NOTIC: [8] Undefined variable: addons D:\wamp\www\eciyuanWebsite\Yimei\Application\Common\Common\function.php 第 501 行.
NOTIC: [8] Undefined variable: addons D:\wamp\www\eciyuanWebsite\Yimei\Application\Common\Common\function.php 第 501 行.
NOTIC: [8] Undefined variable: addons D:\wamp\www\eciyuanWebsite\Yimei\Application\Common\Common\function.php 第 501 行.
NOTIC: [8] Undefined variable: addons D:\wamp\www\eciyuanWebsite\Yimei\Application\Common\Common\function.php 第 501 行.
NOTIC: [8] Undefined variable: addons D:\wamp\www\eciyuanWebsite\Yimei\Application\Common\Common\function.php 第 501 行.
NOTIC: [8] Undefined variable: addons D:\wamp\www\eciyuanWebsite\Yimei\Application\Common\Common\function.php 第 501 行.
NOTIC: [8] Undefined variable: addons D:\wamp\www\eciyuanWebsite\Yimei\Application\Common\Common\function.php 第 501 行.
NOTIC: [8] Undefined variable: addons D:\wamp\www\eciyuanWebsite\Yimei\Application\Common\Common\function.php 第 501 行.
NOTIC: [8] Undefined variable: addons D:\wamp\www\eciyuanWebsite\Yimei\Application\Common\Common\function.php 第 501 行.
NOTIC: [8] Undefined variable: addons D:\wamp\www\eciyuanWebsite\Yimei\Application\Common\Common\function.php 第 501 行.
NOTIC: [8] Undefined variable: addons D:\wamp\www\eciyuanWebsite\Yimei\Application\Common\Common\function.php 第 501 行.
NOTIC: [8] Undefined variable: addons D:\wamp\www\eciyuanWebsite\Yimei\Application\Common\Common\function.php 第 501 行.
NOTIC: [8] Undefined variable: addons D:\wamp\www\eciyuanWebsite\Yimei\Application\Common\Common\function.php 第 501 行.
NOTIC: [8] Undefined variable: addons D:\wamp\www\eciyuanWebsite\Yimei\Application\Common\Common\function.php 第 501 行.
NOTIC: [8] Undefined variable: addons D:\wamp\www\eciyuanWebsite\Yimei\Application\Common\Common\function.php 第 501 行.
NOTIC: [8] Undefined variable: addons D:\wamp\www\eciyuanWebsite\Yimei\Application\Common\Common\function.php 第 501 行.
NOTIC: [8] Undefined variable: addons D:\wamp\www\eciyuanWebsite\Yimei\Application\Common\Common\function.php 第 501 行.
NOTIC: [8] Undefined variable: addons D:\wamp\www\eciyuanWebsite\Yimei\Application\Common\Common\function.php 第 501 行.
NOTIC: [8] Undefined offset: 14 D:\wamp\www\eciyuanWebsite\Yimei\Application\Common\Model\ManagerMenuModel.class.php 第 106 行.
NOTIC: [8] Undefined offset: 14 D:\wamp\www\eciyuanWebsite\Yimei\Application\Common\Model\ManagerMenuModel.class.php 第 116 行.
NOTIC: [8] Undefined offset: 60 D:\wamp\www\eciyuanWebsite\Yimei\Application\Common\Model\ManagerMenuModel.class.php 第 106 行.
NOTIC: [8] Undefined offset: 60 D:\wamp\www\eciyuanWebsite\Yimei\Application\Common\Model\ManagerMenuModel.class.php 第 116 行.
NOTIC: [8] Undefined offset: 384 D:\wamp\www\eciyuanWebsite\Yimei\Application\Common\Model\ManagerMenuModel.class.php 第 116 行.
SQL: SELECT * FROM `yimei_public_link` WHERE `uid` = 1  [ RunTime:0.0005s ]
NOTIC: [8] Undefined index: query D:\wamp\www\eciyuanWebsite\Yimei\ThinkPHP\Common\functions.php 第 1002 行.
NOTIC: [8] Undefined index: query D:\wamp\www\eciyuanWebsite\Yimei\ThinkPHP\Common\functions.php 第 1002 行.
INFO: [ app_end ] --START--
INFO: Run Behavior\ShowPageTraceBehavior [ RunTime:0.001255s ]
INFO: Run Behavior\CronRunBehavior [ RunTime:0.002995s ]
INFO: [ app_end ] --END-- [ RunTime:0.004521s ]

[ 2016-11-08T15:53:27+08:00 ] ::1 /eciyuanWebsite/Yimei/index.php?s=/addon/Weiba/Wap/MCount.html
INFO: [ app_init ] --START--
INFO: Run Behavior\BuildLiteBehavior [ RunTime:0.000030s ]
INFO: Run Common\Behavior\InitHookBehavior [ RunTime:0.005621s ]
INFO: [ app_init ] --END-- [ RunTime:0.006617s ]
INFO: [ app_begin ] --START--
INFO: Run Behavior\ReadHtmlCacheBehavior [ RunTime:0.001230s ]
INFO: [ app_begin ] --END-- [ RunTime:0.001347s ]
NOTIC: [8] Undefined index: uid D:\wamp\www\eciyuanWebsite\Yimei\ThinkPHP\Library\Think\Controller.class.php 第 524 行.
NOTIC: [8] Undefined variable: addons D:\wamp\www\eciyuanWebsite\Yimei\Application\Common\Common\function.php 第 501 行.
NOTIC: [8] Undefined variable: addons D:\wamp\www\eciyuanWebsite\Yimei\Application\Common\Common\function.php 第 501 行.
NOTIC: [8] Undefined variable: addons D:\wamp\www\eciyuanWebsite\Yimei\Application\Common\Common\function.php 第 501 行.
NOTIC: [8] Undefined variable: addons D:\wamp\www\eciyuanWebsite\Yimei\Application\Common\Common\function.php 第 501 行.
NOTIC: [8] Undefined variable: addons D:\wamp\www\eciyuanWebsite\Yimei\Application\Common\Common\function.php 第 501 行.
NOTIC: [8] Undefined variable: addons D:\wamp\www\eciyuanWebsite\Yimei\Application\Common\Common\function.php 第 501 行.
NOTIC: [8] Undefined variable: addons D:\wamp\www\eciyuanWebsite\Yimei\Application\Common\Common\function.php 第 501 行.
NOTIC: [8] Undefined variable: addons D:\wamp\www\eciyuanWebsite\Yimei\Application\Common\Common\function.php 第 501 行.
NOTIC: [8] Undefined variable: addons D:\wamp\www\eciyuanWebsite\Yimei\Application\Common\Common\function.php 第 501 行.
NOTIC: [8] Undefined variable: addons D:\wamp\www\eciyuanWebsite\Yimei\Application\Common\Common\function.php 第 501 行.
NOTIC: [8] Undefined variable: addons D:\wamp\www\eciyuanWebsite\Yimei\Application\Common\Common\function.php 第 501 行.
NOTIC: [8] Undefined variable: addons D:\wamp\www\eciyuanWebsite\Yimei\Application\Common\Common\function.php 第 501 行.
NOTIC: [8] Undefined variable: addons D:\wamp\www\eciyuanWebsite\Yimei\Application\Common\Common\function.php 第 501 行.
NOTIC: [8] Undefined variable: addons D:\wamp\www\eciyuanWebsite\Yimei\Application\Common\Common\function.php 第 501 行.
NOTIC: [8] Undefined variable: addons D:\wamp\www\eciyuanWebsite\Yimei\Application\Common\Common\function.php 第 501 行.
NOTIC: [8] Undefined variable: addons D:\wamp\www\eciyuanWebsite\Yimei\Application\Common\Common\function.php 第 501 行.
NOTIC: [8] Undefined variable: addons D:\wamp\www\eciyuanWebsite\Yimei\Application\Common\Common\function.php 第 501 行.
NOTIC: [8] Undefined variable: addons D:\wamp\www\eciyuanWebsite\Yimei\Application\Common\Common\function.php 第 501 行.
NOTIC: [8] Undefined variable: addons D:\wamp\www\eciyuanWebsite\Yimei\Application\Common\Common\function.php 第 501 行.
NOTIC: [8] Undefined variable: addons D:\wamp\www\eciyuanWebsite\Yimei\Application\Common\Common\function.php 第 501 行.
NOTIC: [8] Undefined variable: addons D:\wamp\www\eciyuanWebsite\Yimei\Application\Common\Common\function.php 第 501 行.
NOTIC: [8] Undefined variable: addons D:\wamp\www\eciyuanWebsite\Yimei\Application\Common\Common\function.php 第 501 行.
NOTIC: [8] Undefined variable: addons D:\wamp\www\eciyuanWebsite\Yimei\Application\Common\Common\function.php 第 501 行.
NOTIC: [8] Undefined variable: addons D:\wamp\www\eciyuanWebsite\Yimei\Application\Common\Common\function.php 第 501 行.
NOTIC: [8] Undefined variable: addons D:\wamp\www\eciyuanWebsite\Yimei\Application\Common\Common\function.php 第 501 行.
NOTIC: [8] Undefined variable: addons D:\wamp\www\eciyuanWebsite\Yimei\Application\Common\Common\function.php 第 501 行.
NOTIC: [8] Undefined variable: addons D:\wamp\www\eciyuanWebsite\Yimei\Application\Common\Common\function.php 第 501 行.
NOTIC: [8] Undefined variable: addons D:\wamp\www\eciyuanWebsite\Yimei\Application\Common\Common\function.php 第 501 行.
NOTIC: [8] Undefined variable: addons D:\wamp\www\eciyuanWebsite\Yimei\Application\Common\Common\function.php 第 501 行.
NOTIC: [8] Undefined variable: addons D:\wamp\www\eciyuanWebsite\Yimei\Application\Common\Common\function.php 第 501 行.
NOTIC: [8] Undefined variable: addons D:\wamp\www\eciyuanWebsite\Yimei\Application\Common\Common\function.php 第 501 行.
NOTIC: [8] Undefined variable: addons D:\wamp\www\eciyuanWebsite\Yimei\Application\Common\Common\function.php 第 501 行.
NOTIC: [8] Undefined variable: addons D:\wamp\www\eciyuanWebsite\Yimei\Application\Common\Common\function.php 第 501 行.
NOTIC: [8] Undefined variable: addons D:\wamp\www\eciyuanWebsite\Yimei\Application\Common\Common\function.php 第 501 行.
NOTIC: [8] Undefined variable: addons D:\wamp\www\eciyuanWebsite\Yimei\Application\Common\Common\function.php 第 501 行.
NOTIC: [8] Undefined variable: addons D:\wamp\www\eciyuanWebsite\Yimei\Application\Common\Common\function.php 第 501 行.
NOTIC: [8] Undefined variable: addons D:\wamp\www\eciyuanWebsite\Yimei\Application\Common\Common\function.php 第 501 行.
NOTIC: [8] Undefined variable: addons D:\wamp\www\eciyuanWebsite\Yimei\Application\Common\Common\function.php 第 501 行.
NOTIC: [8] Undefined variable: addons D:\wamp\www\eciyuanWebsite\Yimei\Application\Common\Common\function.php 第 501 行.
NOTIC: [8] Undefined variable: addons D:\wamp\www\eciyuanWebsite\Yimei\Application\Common\Common\function.php 第 501 行.
NOTIC: [8] Undefined variable: addons D:\wamp\www\eciyuanWebsite\Yimei\Application\Common\Common\function.php 第 501 行.
NOTIC: [8] Undefined variable: addons D:\wamp\www\eciyuanWebsite\Yimei\Application\Common\Common\function.php 第 501 行.
NOTIC: [8] Undefined variable: addons D:\wamp\www\eciyuanWebsite\Yimei\Application\Common\Common\function.php 第 501 行.
SQL: SELECT * FROM `yimei_manager_menu` WHERE `uid` = 1 AND `is_hide` = 0 ORDER BY sort asc, id asc  [ RunTime:0.0014s ]
NOTIC: [8] Undefined variable: addons D:\wamp\www\eciyuanWebsite\Yimei\Application\Common\Common\function.php 第 501 行.
NOTIC: [8] Undefined variable: addons D:\wamp\www\eciyuanWebsite\Yimei\Application\Common\Common\function.php 第 501 行.
NOTIC: [8] Undefined variable: addons D:\wamp\www\eciyuanWebsite\Yimei\Application\Common\Common\function.php 第 501 行.
NOTIC: [8] Undefined variable: addons D:\wamp\www\eciyuanWebsite\Yimei\Application\Common\Common\function.php 第 501 行.
NOTIC: [8] Undefined variable: addons D:\wamp\www\eciyuanWebsite\Yimei\Application\Common\Common\function.php 第 501 行.
NOTIC: [8] Undefined variable: addons D:\wamp\www\eciyuanWebsite\Yimei\Application\Common\Common\function.php 第 501 行.
NOTIC: [8] Undefined variable: addons D:\wamp\www\eciyuanWebsite\Yimei\Application\Common\Common\function.php 第 501 行.
NOTIC: [8] Undefined variable: addons D:\wamp\www\eciyuanWebsite\Yimei\Application\Common\Common\function.php 第 501 行.
NOTIC: [8] Undefined variable: addons D:\wamp\www\eciyuanWebsite\Yimei\Application\Common\Common\function.php 第 501 行.
NOTIC: [8] Undefined variable: addons D:\wamp\www\eciyuanWebsite\Yimei\Application\Common\Common\function.php 第 501 行.
NOTIC: [8] Undefined variable: addons D:\wamp\www\eciyuanWebsite\Yimei\Application\Common\Common\function.php 第 501 行.
NOTIC: [8] Undefined variable: addons D:\wamp\www\eciyuanWebsite\Yimei\Application\Common\Common\function.php 第 501 行.
NOTIC: [8] Undefined variable: addons D:\wamp\www\eciyuanWebsite\Yimei\Application\Common\Common\function.php 第 501 行.
NOTIC: [8] Undefined variable: addons D:\wamp\www\eciyuanWebsite\Yimei\Application\Common\Common\function.php 第 501 行.
NOTIC: [8] Undefined variable: addons D:\wamp\www\eciyuanWebsite\Yimei\Application\Common\Common\function.php 第 501 行.
NOTIC: [8] Undefined variable: addons D:\wamp\www\eciyuanWebsite\Yimei\Application\Common\Common\function.php 第 501 行.
NOTIC: [8] Undefined variable: addons D:\wamp\www\eciyuanWebsite\Yimei\Application\Common\Common\function.php 第 501 行.
NOTIC: [8] Undefined variable: addons D:\wamp\www\eciyuanWebsite\Yimei\Application\Common\Common\function.php 第 501 行.
NOTIC: [8] Undefined variable: addons D:\wamp\www\eciyuanWebsite\Yimei\Application\Common\Common\function.php 第 501 行.
NOTIC: [8] Undefined variable: addons D:\wamp\www\eciyuanWebsite\Yimei\Application\Common\Common\function.php 第 501 行.
NOTIC: [8] Undefined variable: addons D:\wamp\www\eciyuanWebsite\Yimei\Application\Common\Common\function.php 第 501 行.
NOTIC: [8] Undefined variable: addons D:\wamp\www\eciyuanWebsite\Yimei\Application\Common\Common\function.php 第 501 行.
NOTIC: [8] Undefined variable: addons D:\wamp\www\eciyuanWebsite\Yimei\Application\Common\Common\function.php 第 501 行.
NOTIC: [8] Undefined variable: addons D:\wamp\www\eciyuanWebsite\Yimei\Application\Common\Common\function.php 第 501 行.
NOTIC: [8] Undefined variable: addons D:\wamp\www\eciyuanWebsite\Yimei\Application\Common\Common\function.php 第 501 行.
NOTIC: [8] Undefined variable: addons D:\wamp\www\eciyuanWebsite\Yimei\Application\Common\Common\function.php 第 501 行.
NOTIC: [8] Undefined variable: addons D:\wamp\www\eciyuanWebsite\Yimei\Application\Common\Common\function.php 第 501 行.
NOTIC: [8] Undefined variable: addons D:\wamp\www\eciyuanWebsite\Yimei\Application\Common\Common\function.php 第 501 行.
NOTIC: [8] Undefined variable: addons D:\wamp\www\eciyuanWebsite\Yimei\Application\Common\Common\function.php 第 501 行.
NOTIC: [8] Undefined variable: addons D:\wamp\www\eciyuanWebsite\Yimei\Application\Common\Common\function.php 第 501 行.
NOTIC: [8] Undefined variable: addons D:\wamp\www\eciyuanWebsite\Yimei\Application\Common\Common\function.php 第 501 行.
NOTIC: [8] Undefined variable: addons D:\wamp\www\eciyuanWebsite\Yimei\Application\Common\Common\function.php 第 501 行.
NOTIC: [8] Undefined variable: addons D:\wamp\www\eciyuanWebsite\Yimei\Application\Common\Common\function.php 第 501 行.
NOTIC: [8] Undefined variable: addons D:\wamp\www\eciyuanWebsite\Yimei\Application\Common\Common\function.php 第 501 行.
NOTIC: [8] Undefined variable: addons D:\wamp\www\eciyuanWebsite\Yimei\Application\Common\Common\function.php 第 501 行.
NOTIC: [8] Undefined variable: addons D:\wamp\www\eciyuanWebsite\Yimei\Application\Common\Common\function.php 第 501 行.
NOTIC: [8] Undefined variable: addons D:\wamp\www\eciyuanWebsite\Yimei\Application\Common\Common\function.php 第 501 行.
NOTIC: [8] Undefined variable: addons D:\wamp\www\eciyuanWebsite\Yimei\Application\Common\Common\function.php 第 501 行.
NOTIC: [8] Undefined offset: 14 D:\wamp\www\eciyuanWebsite\Yimei\Application\Common\Model\ManagerMenuModel.class.php 第 106 行.
NOTIC: [8] Undefined offset: 14 D:\wamp\www\eciyuanWebsite\Yimei\Application\Common\Model\ManagerMenuModel.class.php 第 116 行.
NOTIC: [8] Undefined offset: 60 D:\wamp\www\eciyuanWebsite\Yimei\Application\Common\Model\ManagerMenuModel.class.php 第 106 行.
NOTIC: [8] Undefined offset: 60 D:\wamp\www\eciyuanWebsite\Yimei\Application\Common\Model\ManagerMenuModel.class.php 第 116 行.
NOTIC: [8] Undefined offset: 384 D:\wamp\www\eciyuanWebsite\Yimei\Application\Common\Model\ManagerMenuModel.class.php 第 116 行.
SQL: SELECT * FROM `yimei_public_link` WHERE `uid` = 1  [ RunTime:0.0005s ]
NOTIC: [8] Undefined index: query D:\wamp\www\eciyuanWebsite\Yimei\ThinkPHP\Common\functions.php 第 1002 行.
NOTIC: [8] Undefined index: query D:\wamp\www\eciyuanWebsite\Yimei\ThinkPHP\Common\functions.php 第 1002 行.
INFO: [ app_end ] --START--
INFO: Run Behavior\ShowPageTraceBehavior [ RunTime:0.001241s ]
INFO: Run Behavior\CronRunBehavior [ RunTime:0.002899s ]
INFO: [ app_end ] --END-- [ RunTime:0.004368s ]

[ 2016-11-08T16:00:00+08:00 ] ::1 /eciyuanWebsite/Yimei/index.php?s=/addon/Weiba/Event/lists.html&mdm=358|386
ERR: Think\Controller:lists方法不存在！

